Using pre-set license
Built from '2020.3/release' branch; Version is '2020.3.1f1 (77a89f25062f) revision 7841951'; Using compiler version '192528614'; Build Type 'Release'
OS: 'Windows 10 Pro; OS build 19042.1110; Version 2009; 64bit' Language: 'ru' Physical Memory: 15789 MB
BatchMode: 1, IsHumanControllingUs: 0, StartBugReporterOnCrash: 0, Is64bit: 1, IsPro: 0

 COMMAND LINE ARGUMENTS:
C:\Program Files\Unity\Hub\Editor\2020.3.1f1\Editor\Unity.exe
-adb2
-batchMode
-noUpm
-name
AssetImportWorker0
-projectPath
D:/Unity/Space shooter
-logFile
Logs/AssetImportWorker0.log
-srvPort
56333
Successfully changed project path to: D:/Unity/Space shooter
D:/Unity/Space shooter
Using Asset Import Pipeline V2.
Refreshing native plugins compatible for Editor in 34.64 ms, found 1 plugins.
Preloading 0 native plugins for Editor in 0.00 ms.
Initialize engine version: 2020.3.1f1 (77a89f25062f)
[Subsystems] Discovering subsystems at path C:/Program Files/Unity/Hub/Editor/2020.3.1f1/Editor/Data/Resources/UnitySubsystems
[Subsystems] Discovering subsystems at path D:/Unity/Space shooter/Assets
GfxDevice: creating device client; threaded=0
Direct3D:
    Version:  Direct3D 11.0 [level 11.1]
    Renderer: NVIDIA GeForce GTX 1660 Ti (ID=0x2191)
    Vendor:   
    VRAM:     5991 MB
    Driver:   27.21.14.6627
Initialize mono
Mono path[0] = 'C:/Program Files/Unity/Hub/Editor/2020.3.1f1/Editor/Data/Managed'
Mono path[1] = 'C:/Program Files/Unity/Hub/Editor/2020.3.1f1/Editor/Data/MonoBleedingEdge/lib/mono/unityjit'
Mono config path = 'C:/Program Files/Unity/Hub/Editor/2020.3.1f1/Editor/Data/MonoBleedingEdge/etc'
Using monoOptions --debugger-agent=transport=dt_socket,embedding=1,server=y,suspend=n,address=127.0.0.1:56164
Begin MonoManager ReloadAssembly
Registering precompiled unity dll's ...
Register platform support module: C:/Program Files/Unity/Hub/Editor/2020.3.1f1/Editor/Data/PlaybackEngines/WindowsStandaloneSupport/UnityEditor.WindowsStandalone.Extensions.dll
Registered in 0.001767 seconds.
Native extension for WindowsStandalone target not found
Refreshing native plugins compatible for Editor in 35.10 ms, found 1 plugins.
Preloading 0 native plugins for Editor in 0.00 ms.
Invoked RoslynAnalysisRunner static constructor.
RoslynAnalysisRunner will not be running.
RoslynAnalysisRunner has terminated.
Mono: successfully reloaded assembly
- Completed reload, in  2.135 seconds
Platform modules already initialized, skipping
Registering precompiled user dll's ...
Registered in 0.000723 seconds.
Begin MonoManager ReloadAssembly
Native extension for WindowsStandalone target not found
Refreshing native plugins compatible for Editor in 35.70 ms, found 1 plugins.
Preloading 0 native plugins for Editor in 0.00 ms.
Invoked RoslynAnalysisRunner static constructor.
RoslynAnalysisRunner will not be running.
RoslynAnalysisRunner has terminated.
Mono: successfully reloaded assembly
- Completed reload, in  0.941 seconds
Platform modules already initialized, skipping
========================================================================
Worker process is ready to serve import requests
Launched and connected shader compiler UnityShaderCompiler.exe after 0.04 seconds
Refreshing native plugins compatible for Editor in 0.35 ms, found 1 plugins.
Preloading 0 native plugins for Editor in 0.00 ms.
Unloading 1819 Unused Serialized files (Serialized files now loaded: 0)
System memory in use before: 84.9 MB.
System memory in use after: 84.9 MB.

Unloading 24 unused Assets to reduce memory usage. Loaded Objects now: 2261.
Total: 2.508500 ms (FindLiveObjects: 0.287600 ms CreateObjectMapping: 0.045200 ms MarkObjects: 2.035900 ms  DeleteObjects: 0.137900 ms)

========================================================================
Received Prepare
Registering precompiled user dll's ...
Registered in 0.000726 seconds.
Begin MonoManager ReloadAssembly
Native extension for WindowsStandalone target not found
Refreshing native plugins compatible for Editor in 0.42 ms, found 1 plugins.
Preloading 0 native plugins for Editor in 0.00 ms.
Invoked RoslynAnalysisRunner static constructor.
RoslynAnalysisRunner will not be running.
RoslynAnalysisRunner has terminated.
Mono: successfully reloaded assembly
- Completed reload, in  0.857 seconds
Platform modules already initialized, skipping
Switching build target platform(5) subTarget(0) extendedPlatform(0) -> platform(13) subTarget(537395200) extendedPlatform(0)
Refreshing native plugins compatible for Editor in 0.36 ms, found 1 plugins.
Preloading 0 native plugins for Editor in 0.00 ms.
Unloading 1817 Unused Serialized files (Serialized files now loaded: 0)
System memory in use before: 84.9 MB.
System memory in use after: 84.9 MB.

Unloading 12 unused Assets to reduce memory usage. Loaded Objects now: 2265.
Total: 2.284000 ms (FindLiveObjects: 0.275100 ms CreateObjectMapping: 0.057600 ms MarkObjects: 1.835000 ms  DeleteObjects: 0.113200 ms)

AssetImportParameters requested are different than current active one (requested -> active):
  custom:graphics/normal-map-encoding: 01000000000000000000000000000000 -> 02000000000000000000000000000000
========================================================================
Received Import Request.
  path: Assets/Scripts/PlayerShooting.cs
  artifactKey: Guid(92b00a7ef1ee1d94cac7ff67b02283db) Importer(815301076,1909f56bfc062723c751e8b465ee728b)
Start importing Assets/Scripts/PlayerShooting.cs using Guid(92b00a7ef1ee1d94cac7ff67b02283db) Importer(815301076,1909f56bfc062723c751e8b465ee728b)  -> (artifact id: '781436f32afe3751f55efe7e1b7571e7') in 0.029038 seconds
  Import took 0.032436 seconds .

========================================================================
Received Prepare
Registering precompiled user dll's ...
Registered in 0.000759 seconds.
Begin MonoManager ReloadAssembly
Native extension for WindowsStandalone target not found
Refreshing native plugins compatible for Editor in 0.36 ms, found 1 plugins.
Preloading 0 native plugins for Editor in 0.00 ms.
Invoked RoslynAnalysisRunner static constructor.
RoslynAnalysisRunner will not be running.
RoslynAnalysisRunner has terminated.
Mono: successfully reloaded assembly
- Completed reload, in  0.866 seconds
Platform modules already initialized, skipping
Switching build target platform(5) subTarget(0) extendedPlatform(0) -> platform(13) subTarget(537395200) extendedPlatform(0)
Refreshing native plugins compatible for Editor in 0.36 ms, found 1 plugins.
Preloading 0 native plugins for Editor in 0.00 ms.
Unloading 1817 Unused Serialized files (Serialized files now loaded: 0)
System memory in use before: 84.9 MB.
System memory in use after: 84.9 MB.

Unloading 12 unused Assets to reduce memory usage. Loaded Objects now: 2269.
Total: 2.176000 ms (FindLiveObjects: 0.224800 ms CreateObjectMapping: 0.042100 ms MarkObjects: 1.793200 ms  DeleteObjects: 0.114600 ms)

AssetImportParameters requested are different than current active one (requested -> active):
  custom:graphics/normal-map-encoding: 01000000000000000000000000000000 -> 02000000000000000000000000000000
========================================================================
Received Import Request.
  Time since last request: 426.133566 seconds.
  path: Assets/Scripts/Bonus.cs
  artifactKey: Guid(e5df6cc906b8d3143b28ef574e07f291) Importer(815301076,1909f56bfc062723c751e8b465ee728b)
Start importing Assets/Scripts/Bonus.cs using Guid(e5df6cc906b8d3143b28ef574e07f291) Importer(815301076,1909f56bfc062723c751e8b465ee728b)  -> (artifact id: '44133c962e04d4471d52a9dff8e4c172') in 0.010555 seconds
  Import took 0.013843 seconds .

========================================================================
Received Prepare
Registering precompiled user dll's ...
Registered in 0.000717 seconds.
Begin MonoManager ReloadAssembly
Native extension for WindowsStandalone target not found
Refreshing native plugins compatible for Editor in 0.66 ms, found 1 plugins.
Preloading 0 native plugins for Editor in 0.00 ms.
Invoked RoslynAnalysisRunner static constructor.
RoslynAnalysisRunner will not be running.
RoslynAnalysisRunner has terminated.
Mono: successfully reloaded assembly
- Completed reload, in  0.892 seconds
Platform modules already initialized, skipping
Switching build target platform(5) subTarget(0) extendedPlatform(0) -> platform(13) subTarget(537395200) extendedPlatform(0)
Refreshing native plugins compatible for Editor in 0.36 ms, found 1 plugins.
Preloading 0 native plugins for Editor in 0.00 ms.
Unloading 1818 Unused Serialized files (Serialized files now loaded: 0)
System memory in use before: 85.0 MB.
System memory in use after: 85.0 MB.

Unloading 12 unused Assets to reduce memory usage. Loaded Objects now: 2274.
Total: 2.154000 ms (FindLiveObjects: 0.276000 ms CreateObjectMapping: 0.043000 ms MarkObjects: 1.713300 ms  DeleteObjects: 0.120400 ms)

AssetImportParameters requested are different than current active one (requested -> active):
  custom:graphics/normal-map-encoding: 01000000000000000000000000000000 -> 02000000000000000000000000000000
========================================================================
Received Prepare
Registering precompiled user dll's ...
Registered in 0.000768 seconds.
Begin MonoManager ReloadAssembly
Native extension for WindowsStandalone target not found
Refreshing native plugins compatible for Editor in 0.37 ms, found 1 plugins.
Preloading 0 native plugins for Editor in 0.00 ms.
Invoked RoslynAnalysisRunner static constructor.
RoslynAnalysisRunner will not be running.
RoslynAnalysisRunner has terminated.
Mono: successfully reloaded assembly
- Completed reload, in  0.844 seconds
Platform modules already initialized, skipping
Switching build target platform(5) subTarget(0) extendedPlatform(0) -> platform(13) subTarget(537395200) extendedPlatform(0)
Refreshing native plugins compatible for Editor in 0.48 ms, found 1 plugins.
Preloading 0 native plugins for Editor in 0.00 ms.
Unloading 1818 Unused Serialized files (Serialized files now loaded: 0)
System memory in use before: 85.0 MB.
System memory in use after: 85.0 MB.

Unloading 12 unused Assets to reduce memory usage. Loaded Objects now: 2278.
Total: 2.695700 ms (FindLiveObjects: 0.509000 ms CreateObjectMapping: 0.069000 ms MarkObjects: 1.991300 ms  DeleteObjects: 0.123900 ms)

AssetImportParameters requested are different than current active one (requested -> active):
  custom:graphics/normal-map-encoding: 01000000000000000000000000000000 -> 02000000000000000000000000000000
========================================================================
Received Import Request.
  Time since last request: 133.478287 seconds.
  path: Assets/Scripts/Bonus.cs
  artifactKey: Guid(e5df6cc906b8d3143b28ef574e07f291) Importer(815301076,1909f56bfc062723c751e8b465ee728b)
Start importing Assets/Scripts/Bonus.cs using Guid(e5df6cc906b8d3143b28ef574e07f291) Importer(815301076,1909f56bfc062723c751e8b465ee728b)  -> (artifact id: '9496ec01bae34d70180d04e291dacebb') in 0.004991 seconds
  Import took 0.009173 seconds .

========================================================================
Received Import Request.
  Time since last request: 27.506481 seconds.
  path: Assets/Sprites/PS
  artifactKey: Guid(6d8b12db36c01b0409503ab04b0e8247) Importer(815301076,1909f56bfc062723c751e8b465ee728b)
Start importing Assets/Sprites/PS using Guid(6d8b12db36c01b0409503ab04b0e8247) Importer(815301076,1909f56bfc062723c751e8b465ee728b)  -> (artifact id: 'e4676ded5c0a40d83d1671bcdc2b221d') in 0.009004 seconds
  Import took 0.012031 seconds .

========================================================================
Received Import Request.
  Time since last request: 0.068896 seconds.
  path: Assets/Sprites/PS/EnginePS.png
  artifactKey: Guid(448af4683c6b92c43a4e7e0364c2ae84) Importer(815301076,1909f56bfc062723c751e8b465ee728b)
Start importing Assets/Sprites/PS/EnginePS.png using Guid(448af4683c6b92c43a4e7e0364c2ae84) Importer(815301076,1909f56bfc062723c751e8b465ee728b)  -> (artifact id: 'd9a4d7b3c8eeac2673e370e3910ba923') in 0.129577 seconds
  Import took 0.133648 seconds .

========================================================================
Received Import Request.
  Time since last request: 0.000229 seconds.
  path: Assets/Sprites/PS/Sprite PS.png
  artifactKey: Guid(d5fe9dc45ae138541a812d9c16962a66) Importer(815301076,1909f56bfc062723c751e8b465ee728b)
Start importing Assets/Sprites/PS/Sprite PS.png using Guid(d5fe9dc45ae138541a812d9c16962a66) Importer(815301076,1909f56bfc062723c751e8b465ee728b)  -> (artifact id: 'cbbcfd6e62312804f6ecb23e361851d0') in 0.035861 seconds
  Import took 0.039271 seconds .

========================================================================
Received Import Request.
  Time since last request: 0.000180 seconds.
  path: Assets/Sprites/PS/Small ExplosionPS.png
  artifactKey: Guid(2931d8cd495f88143a470a8194cdd3d0) Importer(815301076,1909f56bfc062723c751e8b465ee728b)
Start importing Assets/Sprites/PS/Small ExplosionPS.png using Guid(2931d8cd495f88143a470a8194cdd3d0) Importer(815301076,1909f56bfc062723c751e8b465ee728b)  -> (artifact id: '3757ff83f3548bc6419c57c4ff2d5d37') in 0.025638 seconds
  Import took 0.028971 seconds .

========================================================================
Received Import Request.
  Time since last request: 0.000308 seconds.
  path: Assets/Sprites/PS/ExplosionPS.png
  artifactKey: Guid(2a3a4d202a4009c4083a93587d593e7b) Importer(815301076,1909f56bfc062723c751e8b465ee728b)
Start importing Assets/Sprites/PS/ExplosionPS.png using Guid(2a3a4d202a4009c4083a93587d593e7b) Importer(815301076,1909f56bfc062723c751e8b465ee728b)  -> (artifact id: '26a64a7770c782b878ac6243d84e48d6') in 0.026189 seconds
  Import took 0.029729 seconds .

========================================================================
Received Import Request.
  Time since last request: 0.000250 seconds.
  path: Assets/Sprites/PS/SplintersPS.png
  artifactKey: Guid(7b2e04facd143ce4eb061508fe982df4) Importer(815301076,1909f56bfc062723c751e8b465ee728b)
Start importing Assets/Sprites/PS/SplintersPS.png using Guid(7b2e04facd143ce4eb061508fe982df4) Importer(815301076,1909f56bfc062723c751e8b465ee728b)  -> (artifact id: '9990d2b296476fa123f72b6a4abb1782') in 0.023841 seconds
  Import took 0.026922 seconds .

========================================================================
Received Import Request.
  Time since last request: 0.000219 seconds.
  path: Assets/Sprites/PS/GunFirePS.png
  artifactKey: Guid(8d28d27cd9026a8478e14cc488882129) Importer(815301076,1909f56bfc062723c751e8b465ee728b)
Start importing Assets/Sprites/PS/GunFirePS.png using Guid(8d28d27cd9026a8478e14cc488882129) Importer(815301076,1909f56bfc062723c751e8b465ee728b)  -> (artifact id: '4b43bdde9ccc3edcfb81a641b700b3b1') in 0.026615 seconds
  Import took 0.029953 seconds .

========================================================================
Received Import Request.
  Time since last request: 1263.362750 seconds.
  path: Assets/Sprites/PS/Sprite PS.png
  artifactKey: Guid(d5fe9dc45ae138541a812d9c16962a66) Importer(815301076,1909f56bfc062723c751e8b465ee728b)
Start importing Assets/Sprites/PS/Sprite PS.png using Guid(d5fe9dc45ae138541a812d9c16962a66) Importer(815301076,1909f56bfc062723c751e8b465ee728b)  -> (artifact id: '1d0017c787eab65a7579331281a9dc1a') in 0.024080 seconds
  Import took 0.027359 seconds .

========================================================================
Received Import Request.
  Time since last request: 0.014966 seconds.
  path: Assets/Sprites/PS/Sprite PS.png
  artifactKey: Guid(d5fe9dc45ae138541a812d9c16962a66) Importer(815301076,1909f56bfc062723c751e8b465ee728b)
Start importing Assets/Sprites/PS/Sprite PS.png using Guid(d5fe9dc45ae138541a812d9c16962a66) Importer(815301076,1909f56bfc062723c751e8b465ee728b)  -> (artifact id: '1d0017c787eab65a7579331281a9dc1a') in 0.014370 seconds
  Import took 0.017536 seconds .

========================================================================
Received Import Request.
  Time since last request: 198.847611 seconds.
  path: Assets/Sprites/PS/Sprite PS.png
  artifactKey: Guid(d5fe9dc45ae138541a812d9c16962a66) Importer(815301076,1909f56bfc062723c751e8b465ee728b)
Start importing Assets/Sprites/PS/Sprite PS.png using Guid(d5fe9dc45ae138541a812d9c16962a66) Importer(815301076,1909f56bfc062723c751e8b465ee728b)  -> (artifact id: 'ec5b55b2c01fcdb58a7e5ca38cdf6eba') in 0.070080 seconds
  Import took 0.073247 seconds .

========================================================================
Received Import Request.
  Time since last request: 29.274740 seconds.
  path: ProjectSettings/TagManager.asset
  artifactKey: Guid(00000000000000003000000000000000) Importer(815301076,1909f56bfc062723c751e8b465ee728b)
Start importing ProjectSettings/TagManager.asset using Guid(00000000000000003000000000000000) Importer(815301076,1909f56bfc062723c751e8b465ee728b)  -> (artifact id: 'c6f707ac1e611a1a1b23856ebff86dbe') in 0.012377 seconds
  Import took 0.015653 seconds .

========================================================================
Received Prepare
Registering precompiled user dll's ...
Registered in 0.000807 seconds.
Begin MonoManager ReloadAssembly
Native extension for WindowsStandalone target not found
Refreshing native plugins compatible for Editor in 0.36 ms, found 1 plugins.
Preloading 0 native plugins for Editor in 0.00 ms.
Invoked RoslynAnalysisRunner static constructor.
RoslynAnalysisRunner will not be running.
RoslynAnalysisRunner has terminated.
Mono: successfully reloaded assembly
- Completed reload, in  0.857 seconds
Platform modules already initialized, skipping
Switching build target platform(5) subTarget(0) extendedPlatform(0) -> platform(13) subTarget(537395200) extendedPlatform(0)
Refreshing native plugins compatible for Editor in 0.37 ms, found 1 plugins.
Preloading 0 native plugins for Editor in 0.00 ms.
Unloading 1818 Unused Serialized files (Serialized files now loaded: 0)
System memory in use before: 88.2 MB.
System memory in use after: 88.1 MB.

Unloading 13 unused Assets to reduce memory usage. Loaded Objects now: 2310.
Total: 2.899100 ms (FindLiveObjects: 0.376700 ms CreateObjectMapping: 0.121700 ms MarkObjects: 2.286000 ms  DeleteObjects: 0.112900 ms)

AssetImportParameters requested are different than current active one (requested -> active):
  custom:graphics/normal-map-encoding: 01000000000000000000000000000000 -> 02000000000000000000000000000000
========================================================================
Received Import Request.
  Time since last request: 182.002474 seconds.
  path: Assets/Prefabs/Bonus
  artifactKey: Guid(cfa26465aba542840b7f03db2a431919) Importer(815301076,1909f56bfc062723c751e8b465ee728b)
Start importing Assets/Prefabs/Bonus using Guid(cfa26465aba542840b7f03db2a431919) Importer(815301076,1909f56bfc062723c751e8b465ee728b)  -> (artifact id: 'e716cf0d666f12af5d4e5058834ca3f6') in 0.005403 seconds
  Import took 0.009667 seconds .

========================================================================
Received Import Request.
  Time since last request: 3.668383 seconds.
  path: Assets/Prefabs/Bonus/Bonus.prefab
  artifactKey: Guid(8cc2e9bcfad32e04198091e7b20eff73) Importer(815301076,1909f56bfc062723c751e8b465ee728b)
Start importing Assets/Prefabs/Bonus/Bonus.prefab using Guid(8cc2e9bcfad32e04198091e7b20eff73) Importer(815301076,1909f56bfc062723c751e8b465ee728b)  -> (artifact id: '139373df36b5288cc642b5968c5226af') in 0.069295 seconds
  Import took 0.072382 seconds .

========================================================================
Received Import Request.
  Time since last request: 0.020567 seconds.
  path: Assets/Prefabs/Bonus/Bonus.prefab
  artifactKey: Guid(8cc2e9bcfad32e04198091e7b20eff73) Importer(815301076,1909f56bfc062723c751e8b465ee728b)
Start importing Assets/Prefabs/Bonus/Bonus.prefab using Guid(8cc2e9bcfad32e04198091e7b20eff73) Importer(815301076,1909f56bfc062723c751e8b465ee728b)  -> (artifact id: '139373df36b5288cc642b5968c5226af') in 0.016282 seconds
  Import took 0.019559 seconds .

========================================================================
Received Prepare
Registering precompiled user dll's ...
Registered in 0.000790 seconds.
Begin MonoManager ReloadAssembly
Native extension for WindowsStandalone target not found
Refreshing native plugins compatible for Editor in 0.46 ms, found 1 plugins.
Preloading 0 native plugins for Editor in 0.00 ms.
Invoked RoslynAnalysisRunner static constructor.
RoslynAnalysisRunner will not be running.
RoslynAnalysisRunner has terminated.
Mono: successfully reloaded assembly
- Completed reload, in  0.875 seconds
Platform modules already initialized, skipping
Switching build target platform(5) subTarget(0) extendedPlatform(0) -> platform(13) subTarget(537395200) extendedPlatform(0)
Refreshing native plugins compatible for Editor in 0.36 ms, found 1 plugins.
Preloading 0 native plugins for Editor in 0.00 ms.
Unloading 1818 Unused Serialized files (Serialized files now loaded: 0)
System memory in use before: 88.2 MB.
System memory in use after: 88.2 MB.

Unloading 12 unused Assets to reduce memory usage. Loaded Objects now: 2319.
Total: 3.325000 ms (FindLiveObjects: 0.336300 ms CreateObjectMapping: 0.104500 ms MarkObjects: 2.764600 ms  DeleteObjects: 0.117600 ms)

AssetImportParameters requested are different than current active one (requested -> active):
  custom:graphics/normal-map-encoding: 01000000000000000000000000000000 -> 02000000000000000000000000000000
========================================================================
Received Prepare
Registering precompiled user dll's ...
Registered in 0.000742 seconds.
Begin MonoManager ReloadAssembly
Native extension for WindowsStandalone target not found
Refreshing native plugins compatible for Editor in 0.37 ms, found 1 plugins.
Preloading 0 native plugins for Editor in 0.00 ms.
Invoked RoslynAnalysisRunner static constructor.
RoslynAnalysisRunner will not be running.
RoslynAnalysisRunner has terminated.
Mono: successfully reloaded assembly
- Completed reload, in  0.853 seconds
Platform modules already initialized, skipping
Switching build target platform(5) subTarget(0) extendedPlatform(0) -> platform(13) subTarget(537395200) extendedPlatform(0)
Refreshing native plugins compatible for Editor in 0.36 ms, found 1 plugins.
Preloading 0 native plugins for Editor in 0.00 ms.
Unloading 1818 Unused Serialized files (Serialized files now loaded: 0)
System memory in use before: 88.2 MB.
System memory in use after: 88.2 MB.

Unloading 12 unused Assets to reduce memory usage. Loaded Objects now: 2323.
Total: 2.745400 ms (FindLiveObjects: 0.333900 ms CreateObjectMapping: 0.121700 ms MarkObjects: 2.170500 ms  DeleteObjects: 0.117100 ms)

AssetImportParameters requested are different than current active one (requested -> active):
  custom:graphics/normal-map-encoding: 01000000000000000000000000000000 -> 02000000000000000000000000000000
========================================================================
Received Prepare
Registering precompiled user dll's ...
Registered in 0.000750 seconds.
Begin MonoManager ReloadAssembly
Native extension for WindowsStandalone target not found
Refreshing native plugins compatible for Editor in 0.36 ms, found 1 plugins.
Preloading 0 native plugins for Editor in 0.00 ms.
Invoked RoslynAnalysisRunner static constructor.
RoslynAnalysisRunner will not be running.
RoslynAnalysisRunner has terminated.
Mono: successfully reloaded assembly
- Completed reload, in  0.869 seconds
Platform modules already initialized, skipping
Switching build target platform(5) subTarget(0) extendedPlatform(0) -> platform(13) subTarget(537395200) extendedPlatform(0)
Refreshing native plugins compatible for Editor in 0.35 ms, found 1 plugins.
Preloading 0 native plugins for Editor in 0.00 ms.
Unloading 1818 Unused Serialized files (Serialized files now loaded: 0)
System memory in use before: 88.2 MB.
System memory in use after: 88.2 MB.

Unloading 12 unused Assets to reduce memory usage. Loaded Objects now: 2327.
Total: 3.147500 ms (FindLiveObjects: 0.448900 ms CreateObjectMapping: 0.131700 ms MarkObjects: 2.444700 ms  DeleteObjects: 0.120200 ms)

AssetImportParameters requested are different than current active one (requested -> active):
  custom:graphics/normal-map-encoding: 01000000000000000000000000000000 -> 02000000000000000000000000000000
========================================================================
Received Prepare
Registering precompiled user dll's ...
Registered in 0.000735 seconds.
Begin MonoManager ReloadAssembly
Native extension for WindowsStandalone target not found
Refreshing native plugins compatible for Editor in 0.39 ms, found 1 plugins.
Preloading 0 native plugins for Editor in 0.00 ms.
Invoked RoslynAnalysisRunner static constructor.
RoslynAnalysisRunner will not be running.
RoslynAnalysisRunner has terminated.
Mono: successfully reloaded assembly
- Completed reload, in  0.938 seconds
Platform modules already initialized, skipping
Switching build target platform(5) subTarget(0) extendedPlatform(0) -> platform(13) subTarget(537395200) extendedPlatform(0)
Refreshing native plugins compatible for Editor in 0.54 ms, found 1 plugins.
Preloading 0 native plugins for Editor in 0.00 ms.
Unloading 1818 Unused Serialized files (Serialized files now loaded: 0)
System memory in use before: 88.2 MB.
System memory in use after: 88.2 MB.

Unloading 12 unused Assets to reduce memory usage. Loaded Objects now: 2331.
Total: 2.154800 ms (FindLiveObjects: 0.225500 ms CreateObjectMapping: 0.048600 ms MarkObjects: 1.760600 ms  DeleteObjects: 0.119200 ms)

AssetImportParameters requested are different than current active one (requested -> active):
  custom:graphics/normal-map-encoding: 01000000000000000000000000000000 -> 02000000000000000000000000000000
========================================================================
Received Prepare
Registering precompiled user dll's ...
Registered in 0.000892 seconds.
Begin MonoManager ReloadAssembly
Native extension for WindowsStandalone target not found
Refreshing native plugins compatible for Editor in 0.36 ms, found 1 plugins.
Preloading 0 native plugins for Editor in 0.00 ms.
Invoked RoslynAnalysisRunner static constructor.
RoslynAnalysisRunner will not be running.
RoslynAnalysisRunner has terminated.
Mono: successfully reloaded assembly
- Completed reload, in  0.859 seconds
Platform modules already initialized, skipping
Switching build target platform(5) subTarget(0) extendedPlatform(0) -> platform(13) subTarget(537395200) extendedPlatform(0)
Refreshing native plugins compatible for Editor in 0.35 ms, found 1 plugins.
Preloading 0 native plugins for Editor in 0.00 ms.
Unloading 1818 Unused Serialized files (Serialized files now loaded: 0)
System memory in use before: 88.2 MB.
System memory in use after: 88.2 MB.

Unloading 12 unused Assets to reduce memory usage. Loaded Objects now: 2335.
Total: 2.992600 ms (FindLiveObjects: 0.321300 ms CreateObjectMapping: 0.116000 ms MarkObjects: 2.432400 ms  DeleteObjects: 0.121300 ms)

AssetImportParameters requested are different than current active one (requested -> active):
  custom:graphics/normal-map-encoding: 01000000000000000000000000000000 -> 02000000000000000000000000000000
========================================================================
Received Prepare
Registering precompiled user dll's ...
Registered in 0.000913 seconds.
Begin MonoManager ReloadAssembly
Native extension for WindowsStandalone target not found
Refreshing native plugins compatible for Editor in 0.45 ms, found 1 plugins.
Preloading 0 native plugins for Editor in 0.00 ms.
Invoked RoslynAnalysisRunner static constructor.
RoslynAnalysisRunner will not be running.
RoslynAnalysisRunner has terminated.
Mono: successfully reloaded assembly
- Completed reload, in  0.899 seconds
Platform modules already initialized, skipping
Switching build target platform(5) subTarget(0) extendedPlatform(0) -> platform(13) subTarget(537395200) extendedPlatform(0)
Refreshing native plugins compatible for Editor in 0.38 ms, found 1 plugins.
Preloading 0 native plugins for Editor in 0.00 ms.
Unloading 1818 Unused Serialized files (Serialized files now loaded: 0)
System memory in use before: 88.3 MB.
System memory in use after: 88.2 MB.

Unloading 12 unused Assets to reduce memory usage. Loaded Objects now: 2339.
Total: 2.846500 ms (FindLiveObjects: 0.359400 ms CreateObjectMapping: 0.063200 ms MarkObjects: 2.237100 ms  DeleteObjects: 0.185000 ms)

AssetImportParameters requested are different than current active one (requested -> active):
  custom:graphics/normal-map-encoding: 01000000000000000000000000000000 -> 02000000000000000000000000000000
========================================================================
Received Import Request.
  Time since last request: 12354.322937 seconds.
  path: Assets/Prefabs/Enemy/Enemy 4.prefab
  artifactKey: Guid(39469a2ff40e41a488f49bcf2cff5914) Importer(815301076,1909f56bfc062723c751e8b465ee728b)
Start importing Assets/Prefabs/Enemy/Enemy 4.prefab using Guid(39469a2ff40e41a488f49bcf2cff5914) Importer(815301076,1909f56bfc062723c751e8b465ee728b)  -> (artifact id: '7ef545dab97295692cc61ae6571561e6') in 0.082151 seconds
  Import took 0.086946 seconds .

========================================================================
Received Import Request.
  Time since last request: 44.971272 seconds.
  path: Assets/Prefabs/Enemy/Enemy 4.prefab
  artifactKey: Guid(39469a2ff40e41a488f49bcf2cff5914) Importer(815301076,1909f56bfc062723c751e8b465ee728b)
Start importing Assets/Prefabs/Enemy/Enemy 4.prefab using Guid(39469a2ff40e41a488f49bcf2cff5914) Importer(815301076,1909f56bfc062723c751e8b465ee728b)  -> (artifact id: '9a992c5337b3d03d2a6cb37a40bc5fb3') in 0.023443 seconds
  Import took 0.027511 seconds .

========================================================================
Received Prepare
Registering precompiled user dll's ...
Registered in 0.000788 seconds.
Begin MonoManager ReloadAssembly
Native extension for WindowsStandalone target not found
Refreshing native plugins compatible for Editor in 0.36 ms, found 1 plugins.
Preloading 0 native plugins for Editor in 0.00 ms.
Invoked RoslynAnalysisRunner static constructor.
RoslynAnalysisRunner will not be running.
RoslynAnalysisRunner has terminated.
Mono: successfully reloaded assembly
- Completed reload, in  0.856 seconds
Platform modules already initialized, skipping
Switching build target platform(5) subTarget(0) extendedPlatform(0) -> platform(13) subTarget(537395200) extendedPlatform(0)
Refreshing native plugins compatible for Editor in 0.35 ms, found 1 plugins.
Preloading 0 native plugins for Editor in 0.00 ms.
Unloading 1818 Unused Serialized files (Serialized files now loaded: 0)
System memory in use before: 88.3 MB.
System memory in use after: 88.3 MB.

Unloading 12 unused Assets to reduce memory usage. Loaded Objects now: 2344.
Total: 2.612400 ms (FindLiveObjects: 0.264800 ms CreateObjectMapping: 0.082400 ms MarkObjects: 2.142000 ms  DeleteObjects: 0.121700 ms)

AssetImportParameters requested are different than current active one (requested -> active):
  custom:graphics/normal-map-encoding: 01000000000000000000000000000000 -> 02000000000000000000000000000000
========================================================================
Received Import Request.
  Time since last request: 540.116350 seconds.
  path: Assets/Prefabs/Enemy/Enemy 1.prefab
  artifactKey: Guid(6f18d76b6bc189e46bea63bfc2a55cae) Importer(815301076,1909f56bfc062723c751e8b465ee728b)
Start importing Assets/Prefabs/Enemy/Enemy 1.prefab using Guid(6f18d76b6bc189e46bea63bfc2a55cae) Importer(815301076,1909f56bfc062723c751e8b465ee728b)  -> (artifact id: 'c0daae58420ba62165db2abe24e274b6') in 0.073108 seconds
  Import took 0.077263 seconds .

========================================================================
Received Import Request.
  Time since last request: 0.000245 seconds.
  path: Assets/Prefabs/Enemy/Enemy 4.prefab
  artifactKey: Guid(39469a2ff40e41a488f49bcf2cff5914) Importer(815301076,1909f56bfc062723c751e8b465ee728b)
Start importing Assets/Prefabs/Enemy/Enemy 4.prefab using Guid(39469a2ff40e41a488f49bcf2cff5914) Importer(815301076,1909f56bfc062723c751e8b465ee728b)  -> (artifact id: 'ed6ea6fe5a494ddb4c92b5045d26ec96') in 0.018826 seconds
  Import took 0.021936 seconds .

========================================================================
Received Import Request.
  Time since last request: 0.000353 seconds.
  path: Assets/Prefabs/Enemy/Enemy 3.prefab
  artifactKey: Guid(0142034da31bc6c4789069ab10f91151) Importer(815301076,1909f56bfc062723c751e8b465ee728b)
Start importing Assets/Prefabs/Enemy/Enemy 3.prefab using Guid(0142034da31bc6c4789069ab10f91151) Importer(815301076,1909f56bfc062723c751e8b465ee728b)  -> (artifact id: '27e3ccc6a8cef156e9f5db5ad1d163c2') in 0.018975 seconds
  Import took 0.022359 seconds .

========================================================================
Received Import Request.
  Time since last request: 0.000211 seconds.
  path: Assets/Prefabs/Enemy/Enemy 2.prefab
  artifactKey: Guid(76d657c26b6573c49a11207a8774c145) Importer(815301076,1909f56bfc062723c751e8b465ee728b)
Start importing Assets/Prefabs/Enemy/Enemy 2.prefab using Guid(76d657c26b6573c49a11207a8774c145) Importer(815301076,1909f56bfc062723c751e8b465ee728b)  -> (artifact id: '6fd04742943ebe0ff78060042f41b4a3') in 0.018215 seconds
  Import took 0.021594 seconds .

========================================================================
Received Import Request.
  Time since last request: 0.000241 seconds.
  path: Assets/Prefabs/Enemy/Enemy 3.prefab
  artifactKey: Guid(0142034da31bc6c4789069ab10f91151) Importer(815301076,1909f56bfc062723c751e8b465ee728b)
Start importing Assets/Prefabs/Enemy/Enemy 3.prefab using Guid(0142034da31bc6c4789069ab10f91151) Importer(815301076,1909f56bfc062723c751e8b465ee728b)  -> (artifact id: '27e3ccc6a8cef156e9f5db5ad1d163c2') in 0.017785 seconds
  Import took 0.021050 seconds .

========================================================================
Received Import Request.
  Time since last request: 5.570900 seconds.
  path: Assets/Prefabs/Bullet/Bullet enemy 1.prefab
  artifactKey: Guid(6310453f041af0c41b3f137aef2d13f2) Importer(815301076,1909f56bfc062723c751e8b465ee728b)
Start importing Assets/Prefabs/Bullet/Bullet enemy 1.prefab using Guid(6310453f041af0c41b3f137aef2d13f2) Importer(815301076,1909f56bfc062723c751e8b465ee728b)  -> (artifact id: 'ee4dec0aa9c8977a1844cbb377ba890c') in 0.019709 seconds
  Import took 0.022891 seconds .

========================================================================
Received Import Request.
  Time since last request: 0.043762 seconds.
  path: Assets/Prefabs/Bullet/Bullet enemy 1.prefab
  artifactKey: Guid(6310453f041af0c41b3f137aef2d13f2) Importer(815301076,1909f56bfc062723c751e8b465ee728b)
Start importing Assets/Prefabs/Bullet/Bullet enemy 1.prefab using Guid(6310453f041af0c41b3f137aef2d13f2) Importer(815301076,1909f56bfc062723c751e8b465ee728b)  -> (artifact id: 'ee4dec0aa9c8977a1844cbb377ba890c') in 0.014113 seconds
  Import took 0.018094 seconds .

========================================================================
Received Import Request.
  Time since last request: 11.410920 seconds.
  path: Assets/Prefabs/Bullet/Bullet boss.prefab
  artifactKey: Guid(6310453f041af0c41b3f137aef2d13f2) Importer(815301076,1909f56bfc062723c751e8b465ee728b)
Start importing Assets/Prefabs/Bullet/Bullet boss.prefab using Guid(6310453f041af0c41b3f137aef2d13f2) Importer(815301076,1909f56bfc062723c751e8b465ee728b)  -> (artifact id: 'a31df93b09e75d9a80f3b96bfc86e806') in 0.016255 seconds
  Import took 0.020310 seconds .

========================================================================
Received Import Request.
  Time since last request: 125.301085 seconds.
  path: Assets/Prefabs/Bullet/Bullet boss.prefab
  artifactKey: Guid(6310453f041af0c41b3f137aef2d13f2) Importer(815301076,1909f56bfc062723c751e8b465ee728b)
Start importing Assets/Prefabs/Bullet/Bullet boss.prefab using Guid(6310453f041af0c41b3f137aef2d13f2) Importer(815301076,1909f56bfc062723c751e8b465ee728b)  -> (artifact id: '0d3b2d9ee7472f9abeb62c7c5a8a0d05') in 0.017450 seconds
  Import took 0.021411 seconds .

========================================================================
Received Import Request.
  Time since last request: 16.574931 seconds.
  path: Assets/Prefabs/Bullet/Bullet boss.prefab
  artifactKey: Guid(6310453f041af0c41b3f137aef2d13f2) Importer(815301076,1909f56bfc062723c751e8b465ee728b)
Start importing Assets/Prefabs/Bullet/Bullet boss.prefab using Guid(6310453f041af0c41b3f137aef2d13f2) Importer(815301076,1909f56bfc062723c751e8b465ee728b)  -> (artifact id: '0e04c62ab8faef67835fc269a7226579') in 0.016847 seconds
  Import took 0.019882 seconds .

========================================================================
Received Import Request.
  Time since last request: 31.625613 seconds.
  path: Assets/Sprites/Menu/Sprite Menu.png
  artifactKey: Guid(95377d462452b7a4b8153826f85f7beb) Importer(815301076,1909f56bfc062723c751e8b465ee728b)
Start importing Assets/Sprites/Menu/Sprite Menu.png using Guid(95377d462452b7a4b8153826f85f7beb) Importer(815301076,1909f56bfc062723c751e8b465ee728b)  -> (artifact id: '2a52527cad47571385c8e74de0e10eee') in 0.072925 seconds
  Import took 0.075886 seconds .

========================================================================
Received Import Request.
  Time since last request: 348.181787 seconds.
  path: Assets/Prefabs/Enemy/Boss.prefab
  artifactKey: Guid(39469a2ff40e41a488f49bcf2cff5914) Importer(815301076,1909f56bfc062723c751e8b465ee728b)
Start importing Assets/Prefabs/Enemy/Boss.prefab using Guid(39469a2ff40e41a488f49bcf2cff5914) Importer(815301076,1909f56bfc062723c751e8b465ee728b)  -> (artifact id: '048d09ffd33450817d34b6a4cedd0c16') in 0.020797 seconds
  Import took 0.025599 seconds .

========================================================================
Received Import Request.
  Time since last request: 11.282995 seconds.
  path: Assets/Prefabs/Enemy/Boss.prefab
  artifactKey: Guid(39469a2ff40e41a488f49bcf2cff5914) Importer(815301076,1909f56bfc062723c751e8b465ee728b)
Start importing Assets/Prefabs/Enemy/Boss.prefab using Guid(39469a2ff40e41a488f49bcf2cff5914) Importer(815301076,1909f56bfc062723c751e8b465ee728b)  -> (artifact id: 'ba003c9200f9c3217e80d8dce863f64d') in 0.016412 seconds
  Import took 0.019895 seconds .

========================================================================
Received Import Request.
  Time since last request: 9.438442 seconds.
  path: Assets/Prefabs/Bullet/Bullet boss.prefab
  artifactKey: Guid(6310453f041af0c41b3f137aef2d13f2) Importer(815301076,1909f56bfc062723c751e8b465ee728b)
Start importing Assets/Prefabs/Bullet/Bullet boss.prefab using Guid(6310453f041af0c41b3f137aef2d13f2) Importer(815301076,1909f56bfc062723c751e8b465ee728b)  -> (artifact id: '8ef64cfd0a06ae204f07bcaa9854772b') in 0.017738 seconds
  Import took 0.021103 seconds .

========================================================================
Received Prepare
Registering precompiled user dll's ...
Registered in 0.000797 seconds.
Begin MonoManager ReloadAssembly
Native extension for WindowsStandalone target not found
Refreshing native plugins compatible for Editor in 0.47 ms, found 1 plugins.
Preloading 0 native plugins for Editor in 0.00 ms.
Invoked RoslynAnalysisRunner static constructor.
RoslynAnalysisRunner will not be running.
RoslynAnalysisRunner has terminated.
Mono: successfully reloaded assembly
- Completed reload, in  1.007 seconds
Platform modules already initialized, skipping
Switching build target platform(5) subTarget(0) extendedPlatform(0) -> platform(13) subTarget(537395200) extendedPlatform(0)
Refreshing native plugins compatible for Editor in 0.39 ms, found 1 plugins.
Preloading 0 native plugins for Editor in 0.00 ms.
Unloading 1818 Unused Serialized files (Serialized files now loaded: 0)
System memory in use before: 88.3 MB.
System memory in use after: 88.3 MB.

Unloading 12 unused Assets to reduce memory usage. Loaded Objects now: 2351.
Total: 2.384300 ms (FindLiveObjects: 0.212000 ms CreateObjectMapping: 0.045000 ms MarkObjects: 1.959700 ms  DeleteObjects: 0.166500 ms)

AssetImportParameters requested are different than current active one (requested -> active):
  custom:graphics/normal-map-encoding: 01000000000000000000000000000000 -> 02000000000000000000000000000000
========================================================================
Received Import Request.
  Time since last request: 97.980667 seconds.
  path: Assets/Prefabs/Bullet/Bullet boss.prefab
  artifactKey: Guid(6310453f041af0c41b3f137aef2d13f2) Importer(815301076,1909f56bfc062723c751e8b465ee728b)
Start importing Assets/Prefabs/Bullet/Bullet boss.prefab using Guid(6310453f041af0c41b3f137aef2d13f2) Importer(815301076,1909f56bfc062723c751e8b465ee728b)  -> (artifact id: 'f806994b49f41755145772c86f4533c2') in 0.064494 seconds
  Import took 0.068208 seconds .

========================================================================
Received Prepare
Registering precompiled user dll's ...
Registered in 0.000754 seconds.
Begin MonoManager ReloadAssembly
Native extension for WindowsStandalone target not found
Refreshing native plugins compatible for Editor in 0.38 ms, found 1 plugins.
Preloading 0 native plugins for Editor in 0.00 ms.
Invoked RoslynAnalysisRunner static constructor.
RoslynAnalysisRunner will not be running.
RoslynAnalysisRunner has terminated.
Mono: successfully reloaded assembly
- Completed reload, in  0.873 seconds
Platform modules already initialized, skipping
Switching build target platform(5) subTarget(0) extendedPlatform(0) -> platform(13) subTarget(537395200) extendedPlatform(0)
Refreshing native plugins compatible for Editor in 0.36 ms, found 1 plugins.
Preloading 0 native plugins for Editor in 0.00 ms.
Unloading 1818 Unused Serialized files (Serialized files now loaded: 0)
System memory in use before: 88.3 MB.
System memory in use after: 88.3 MB.

Unloading 12 unused Assets to reduce memory usage. Loaded Objects now: 2356.
Total: 2.488800 ms (FindLiveObjects: 0.328500 ms CreateObjectMapping: 0.063600 ms MarkObjects: 1.972300 ms  DeleteObjects: 0.123100 ms)

AssetImportParameters requested are different than current active one (requested -> active):
  custom:graphics/normal-map-encoding: 01000000000000000000000000000000 -> 02000000000000000000000000000000
========================================================================
Received Prepare
Registering precompiled user dll's ...
Registered in 0.000790 seconds.
Begin MonoManager ReloadAssembly
Native extension for WindowsStandalone target not found
Refreshing native plugins compatible for Editor in 0.40 ms, found 1 plugins.
Preloading 0 native plugins for Editor in 0.00 ms.
Invoked RoslynAnalysisRunner static constructor.
RoslynAnalysisRunner will not be running.
RoslynAnalysisRunner has terminated.
Mono: successfully reloaded assembly
- Completed reload, in  0.906 seconds
Platform modules already initialized, skipping
Switching build target platform(5) subTarget(0) extendedPlatform(0) -> platform(13) subTarget(537395200) extendedPlatform(0)
Refreshing native plugins compatible for Editor in 0.35 ms, found 1 plugins.
Preloading 0 native plugins for Editor in 0.00 ms.
Unloading 1818 Unused Serialized files (Serialized files now loaded: 0)
System memory in use before: 88.3 MB.
System memory in use after: 88.3 MB.

Unloading 12 unused Assets to reduce memory usage. Loaded Objects now: 2360.
Total: 2.061000 ms (FindLiveObjects: 0.284000 ms CreateObjectMapping: 0.042500 ms MarkObjects: 1.615500 ms  DeleteObjects: 0.117600 ms)

AssetImportParameters requested are different than current active one (requested -> active):
  custom:graphics/normal-map-encoding: 01000000000000000000000000000000 -> 02000000000000000000000000000000
========================================================================
Received Prepare
Registering precompiled user dll's ...
Registered in 0.000770 seconds.
Begin MonoManager ReloadAssembly
Native extension for WindowsStandalone target not found
Refreshing native plugins compatible for Editor in 0.39 ms, found 1 plugins.
Preloading 0 native plugins for Editor in 0.00 ms.
Invoked RoslynAnalysisRunner static constructor.
RoslynAnalysisRunner will not be running.
RoslynAnalysisRunner has terminated.
Mono: successfully reloaded assembly
- Completed reload, in  0.962 seconds
Platform modules already initialized, skipping
Switching build target platform(5) subTarget(0) extendedPlatform(0) -> platform(13) subTarget(537395200) extendedPlatform(0)
Refreshing native plugins compatible for Editor in 0.41 ms, found 1 plugins.
Preloading 0 native plugins for Editor in 0.00 ms.
Unloading 1818 Unused Serialized files (Serialized files now loaded: 0)
System memory in use before: 88.3 MB.
System memory in use after: 88.3 MB.

Unloading 12 unused Assets to reduce memory usage. Loaded Objects now: 2364.
Total: 2.422600 ms (FindLiveObjects: 0.246600 ms CreateObjectMapping: 0.044800 ms MarkObjects: 1.997700 ms  DeleteObjects: 0.132300 ms)

AssetImportParameters requested are different than current active one (requested -> active):
  custom:graphics/normal-map-encoding: 01000000000000000000000000000000 -> 02000000000000000000000000000000
========================================================================
Received Prepare
Registering precompiled user dll's ...
Registered in 0.000798 seconds.
Begin MonoManager ReloadAssembly
Native extension for WindowsStandalone target not found
Refreshing native plugins compatible for Editor in 0.36 ms, found 1 plugins.
Preloading 0 native plugins for Editor in 0.00 ms.
Invoked RoslynAnalysisRunner static constructor.
RoslynAnalysisRunner will not be running.
RoslynAnalysisRunner has terminated.
Mono: successfully reloaded assembly
- Completed reload, in  0.883 seconds
Platform modules already initialized, skipping
Switching build target platform(5) subTarget(0) extendedPlatform(0) -> platform(13) subTarget(537395200) extendedPlatform(0)
Refreshing native plugins compatible for Editor in 0.36 ms, found 1 plugins.
Preloading 0 native plugins for Editor in 0.00 ms.
Unloading 1818 Unused Serialized files (Serialized files now loaded: 0)
System memory in use before: 88.4 MB.
System memory in use after: 88.3 MB.

Unloading 12 unused Assets to reduce memory usage. Loaded Objects now: 2368.
Total: 2.542200 ms (FindLiveObjects: 0.575600 ms CreateObjectMapping: 0.105600 ms MarkObjects: 1.743000 ms  DeleteObjects: 0.116200 ms)

AssetImportParameters requested are different than current active one (requested -> active):
  custom:graphics/normal-map-encoding: 01000000000000000000000000000000 -> 02000000000000000000000000000000
========================================================================
Received Import Request.
  Time since last request: 257.994452 seconds.
  path: Assets/Prefabs/Bullet/Bullet boss.prefab
  artifactKey: Guid(6310453f041af0c41b3f137aef2d13f2) Importer(815301076,1909f56bfc062723c751e8b465ee728b)
Start importing Assets/Prefabs/Bullet/Bullet boss.prefab using Guid(6310453f041af0c41b3f137aef2d13f2) Importer(815301076,1909f56bfc062723c751e8b465ee728b)  -> (artifact id: '69d834ad2cda7f139888fcf4b502fe26') in 0.077840 seconds
  Import took 0.082019 seconds .

========================================================================
Received Import Request.
  Time since last request: 227.770820 seconds.
  path: Assets/Prefabs/Enemy/Boss.prefab
  artifactKey: Guid(39469a2ff40e41a488f49bcf2cff5914) Importer(815301076,1909f56bfc062723c751e8b465ee728b)
Start importing Assets/Prefabs/Enemy/Boss.prefab using Guid(39469a2ff40e41a488f49bcf2cff5914) Importer(815301076,1909f56bfc062723c751e8b465ee728b)  -> (artifact id: '6e29e1805e0116ca1dbec20c6ea1cb64') in 0.019838 seconds
  Import took 0.023311 seconds .

========================================================================
Received Prepare
Registering precompiled user dll's ...
Registered in 0.000742 seconds.
Begin MonoManager ReloadAssembly
Native extension for WindowsStandalone target not found
Refreshing native plugins compatible for Editor in 0.36 ms, found 1 plugins.
Preloading 0 native plugins for Editor in 0.00 ms.
Invoked RoslynAnalysisRunner static constructor.
RoslynAnalysisRunner will not be running.
RoslynAnalysisRunner has terminated.
Mono: successfully reloaded assembly
- Completed reload, in  0.901 seconds
Platform modules already initialized, skipping
Switching build target platform(5) subTarget(0) extendedPlatform(0) -> platform(13) subTarget(537395200) extendedPlatform(0)
Refreshing native plugins compatible for Editor in 0.54 ms, found 1 plugins.
Preloading 0 native plugins for Editor in 0.00 ms.
Unloading 1818 Unused Serialized files (Serialized files now loaded: 0)
System memory in use before: 88.4 MB.
System memory in use after: 88.4 MB.

Unloading 12 unused Assets to reduce memory usage. Loaded Objects now: 2373.
Total: 4.046700 ms (FindLiveObjects: 0.546700 ms CreateObjectMapping: 0.130200 ms MarkObjects: 3.177500 ms  DeleteObjects: 0.189300 ms)

AssetImportParameters requested are different than current active one (requested -> active):
  custom:graphics/normal-map-encoding: 01000000000000000000000000000000 -> 02000000000000000000000000000000
========================================================================
Received Import Request.
  Time since last request: 223.401015 seconds.
  path: Assets/Prefabs/Bullet/Bullet boss 1.prefab
  artifactKey: Guid(017f2aff1d52f4a438094b66eb9d9885) Importer(815301076,1909f56bfc062723c751e8b465ee728b)
Start importing Assets/Prefabs/Bullet/Bullet boss 1.prefab using Guid(017f2aff1d52f4a438094b66eb9d9885) Importer(815301076,1909f56bfc062723c751e8b465ee728b)  -> (artifact id: '16cd7ecdd8ec4ee2e51bd49ecbaf9d99') in 0.066502 seconds
  Import took 0.070439 seconds .

========================================================================
Received Import Request.
  Time since last request: 159.141938 seconds.
  path: Assets/Prefabs/Bullet/Bullet boss.prefab
  artifactKey: Guid(017f2aff1d52f4a438094b66eb9d9885) Importer(815301076,1909f56bfc062723c751e8b465ee728b)
Start importing Assets/Prefabs/Bullet/Bullet boss.prefab using Guid(017f2aff1d52f4a438094b66eb9d9885) Importer(815301076,1909f56bfc062723c751e8b465ee728b)  -> (artifact id: 'c9e8b2f3fd65925a54fd38d196606246') in 0.012717 seconds
  Import took 0.016041 seconds .

========================================================================
Received Prepare
Registering precompiled user dll's ...
Registered in 0.000836 seconds.
Begin MonoManager ReloadAssembly
Native extension for WindowsStandalone target not found
Refreshing native plugins compatible for Editor in 0.36 ms, found 1 plugins.
Preloading 0 native plugins for Editor in 0.00 ms.
Invoked RoslynAnalysisRunner static constructor.
RoslynAnalysisRunner will not be running.
RoslynAnalysisRunner has terminated.
Mono: successfully reloaded assembly
- Completed reload, in  0.907 seconds
Platform modules already initialized, skipping
Switching build target platform(5) subTarget(0) extendedPlatform(0) -> platform(13) subTarget(537395200) extendedPlatform(0)
Refreshing native plugins compatible for Editor in 0.36 ms, found 1 plugins.
Preloading 0 native plugins for Editor in 0.00 ms.
Unloading 1818 Unused Serialized files (Serialized files now loaded: 0)
System memory in use before: 88.4 MB.
System memory in use after: 88.4 MB.

Unloading 12 unused Assets to reduce memory usage. Loaded Objects now: 2378.
Total: 2.589900 ms (FindLiveObjects: 0.565700 ms CreateObjectMapping: 0.089700 ms MarkObjects: 1.815200 ms  DeleteObjects: 0.117400 ms)

AssetImportParameters requested are different than current active one (requested -> active):
  custom:graphics/normal-map-encoding: 01000000000000000000000000000000 -> 02000000000000000000000000000000
========================================================================
Received Import Request.
  Time since last request: 106.066979 seconds.
  path: Assets/Prefabs/Bullet/Bullet boss.prefab
  artifactKey: Guid(017f2aff1d52f4a438094b66eb9d9885) Importer(815301076,1909f56bfc062723c751e8b465ee728b)
Start importing Assets/Prefabs/Bullet/Bullet boss.prefab using Guid(017f2aff1d52f4a438094b66eb9d9885) Importer(815301076,1909f56bfc062723c751e8b465ee728b)  -> (artifact id: '31584b3882b89f0ea748c0d7de664b22') in 0.056761 seconds
  Import took 0.060974 seconds .

========================================================================
Received Import Request.
  Time since last request: 4.069256 seconds.
  path: Assets/Prefabs/Bullet/Bullet boss.prefab
  artifactKey: Guid(017f2aff1d52f4a438094b66eb9d9885) Importer(815301076,1909f56bfc062723c751e8b465ee728b)
Start importing Assets/Prefabs/Bullet/Bullet boss.prefab using Guid(017f2aff1d52f4a438094b66eb9d9885) Importer(815301076,1909f56bfc062723c751e8b465ee728b)  -> (artifact id: 'c8a657fe283d2ebf65d680e6c5da63e0') in 0.013336 seconds
  Import took 0.016678 seconds .

========================================================================
Received Prepare
Registering precompiled user dll's ...
Registered in 0.000883 seconds.
Begin MonoManager ReloadAssembly
Native extension for WindowsStandalone target not found
Refreshing native plugins compatible for Editor in 0.36 ms, found 1 plugins.
Preloading 0 native plugins for Editor in 0.00 ms.
Invoked RoslynAnalysisRunner static constructor.
RoslynAnalysisRunner will not be running.
RoslynAnalysisRunner has terminated.
Mono: successfully reloaded assembly
- Completed reload, in  0.949 seconds
Platform modules already initialized, skipping
Switching build target platform(5) subTarget(0) extendedPlatform(0) -> platform(13) subTarget(537395200) extendedPlatform(0)
Refreshing native plugins compatible for Editor in 0.53 ms, found 1 plugins.
Preloading 0 native plugins for Editor in 0.00 ms.
Unloading 1818 Unused Serialized files (Serialized files now loaded: 0)
System memory in use before: 88.4 MB.
System memory in use after: 88.4 MB.

Unloading 12 unused Assets to reduce memory usage. Loaded Objects now: 2383.
Total: 2.311000 ms (FindLiveObjects: 0.489300 ms CreateObjectMapping: 0.069100 ms MarkObjects: 1.635900 ms  DeleteObjects: 0.114800 ms)

AssetImportParameters requested are different than current active one (requested -> active):
  custom:graphics/normal-map-encoding: 01000000000000000000000000000000 -> 02000000000000000000000000000000
========================================================================
Received Import Request.
  Time since last request: 78.894017 seconds.
  path: Assets/Prefabs/Bullet/Bullet boss.prefab
  artifactKey: Guid(017f2aff1d52f4a438094b66eb9d9885) Importer(815301076,1909f56bfc062723c751e8b465ee728b)
Start importing Assets/Prefabs/Bullet/Bullet boss.prefab using Guid(017f2aff1d52f4a438094b66eb9d9885) Importer(815301076,1909f56bfc062723c751e8b465ee728b)  -> (artifact id: 'a79df9e63354a3313924d6b1e4fa26a8') in 0.058578 seconds
  Import took 0.062021 seconds .

========================================================================
Received Prepare
Registering precompiled user dll's ...
Registered in 0.001081 seconds.
Begin MonoManager ReloadAssembly
Native extension for WindowsStandalone target not found
Refreshing native plugins compatible for Editor in 0.37 ms, found 1 plugins.
Preloading 0 native plugins for Editor in 0.00 ms.
Invoked RoslynAnalysisRunner static constructor.
RoslynAnalysisRunner will not be running.
RoslynAnalysisRunner has terminated.
Mono: successfully reloaded assembly
- Completed reload, in  0.968 seconds
Platform modules already initialized, skipping
Switching build target platform(5) subTarget(0) extendedPlatform(0) -> platform(13) subTarget(537395200) extendedPlatform(0)
Refreshing native plugins compatible for Editor in 0.38 ms, found 1 plugins.
Preloading 0 native plugins for Editor in 0.00 ms.
Unloading 1818 Unused Serialized files (Serialized files now loaded: 0)
System memory in use before: 88.4 MB.
System memory in use after: 88.4 MB.

Unloading 12 unused Assets to reduce memory usage. Loaded Objects now: 2388.
Total: 2.931200 ms (FindLiveObjects: 0.228400 ms CreateObjectMapping: 0.050200 ms MarkObjects: 2.522100 ms  DeleteObjects: 0.128900 ms)

AssetImportParameters requested are different than current active one (requested -> active):
  custom:graphics/normal-map-encoding: 01000000000000000000000000000000 -> 02000000000000000000000000000000
========================================================================
Received Import Request.
  Time since last request: 426.214590 seconds.
  path: Assets/Prefabs/EnemyWave/Wave Boss.prefab
  artifactKey: Guid(f2952d858c2d3f544a8c4d1b84a727d4) Importer(815301076,1909f56bfc062723c751e8b465ee728b)
Start importing Assets/Prefabs/EnemyWave/Wave Boss.prefab using Guid(f2952d858c2d3f544a8c4d1b84a727d4) Importer(815301076,1909f56bfc062723c751e8b465ee728b)  -> (artifact id: 'c3ae614e2be02f83e4f031d1eda46e4b') in 0.034019 seconds
  Import took 0.037415 seconds .

========================================================================
Received Import Request.
  Time since last request: 0.019070 seconds.
  path: Assets/Prefabs/EnemyWave/Wave Boss.prefab
  artifactKey: Guid(f2952d858c2d3f544a8c4d1b84a727d4) Importer(815301076,1909f56bfc062723c751e8b465ee728b)
Start importing Assets/Prefabs/EnemyWave/Wave Boss.prefab using Guid(f2952d858c2d3f544a8c4d1b84a727d4) Importer(815301076,1909f56bfc062723c751e8b465ee728b)  -> (artifact id: 'c3ae614e2be02f83e4f031d1eda46e4b') in 0.006881 seconds
  Import took 0.009933 seconds .

========================================================================
Received Prepare
Registering precompiled user dll's ...
Registered in 0.000748 seconds.
Begin MonoManager ReloadAssembly
Native extension for WindowsStandalone target not found
Refreshing native plugins compatible for Editor in 0.41 ms, found 1 plugins.
Preloading 0 native plugins for Editor in 0.00 ms.
Invoked RoslynAnalysisRunner static constructor.
RoslynAnalysisRunner will not be running.
RoslynAnalysisRunner has terminated.
Mono: successfully reloaded assembly
- Completed reload, in  1.011 seconds
Platform modules already initialized, skipping
Switching build target platform(5) subTarget(0) extendedPlatform(0) -> platform(13) subTarget(537395200) extendedPlatform(0)
Refreshing native plugins compatible for Editor in 0.41 ms, found 1 plugins.
Preloading 0 native plugins for Editor in 0.00 ms.
Unloading 1818 Unused Serialized files (Serialized files now loaded: 0)
System memory in use before: 88.4 MB.
System memory in use after: 88.4 MB.

Unloading 12 unused Assets to reduce memory usage. Loaded Objects now: 2392.
Total: 2.242000 ms (FindLiveObjects: 0.214500 ms CreateObjectMapping: 0.043500 ms MarkObjects: 1.864900 ms  DeleteObjects: 0.118000 ms)

AssetImportParameters requested are different than current active one (requested -> active):
  custom:graphics/normal-map-encoding: 01000000000000000000000000000000 -> 02000000000000000000000000000000
========================================================================
Received Import Request.
  Time since last request: 271.182914 seconds.
  path: Assets/Prefabs/Enemy/Boss.prefab
  artifactKey: Guid(39469a2ff40e41a488f49bcf2cff5914) Importer(815301076,1909f56bfc062723c751e8b465ee728b)
Start importing Assets/Prefabs/Enemy/Boss.prefab using Guid(39469a2ff40e41a488f49bcf2cff5914) Importer(815301076,1909f56bfc062723c751e8b465ee728b)  -> (artifact id: 'b17ede853a092ec9f7a8156ca2611c2c') in 0.057419 seconds
  Import took 0.061045 seconds .

========================================================================
Received Prepare
Registering precompiled user dll's ...
Registered in 0.000723 seconds.
Begin MonoManager ReloadAssembly
Native extension for WindowsStandalone target not found
Refreshing native plugins compatible for Editor in 0.36 ms, found 1 plugins.
Preloading 0 native plugins for Editor in 0.00 ms.
Invoked RoslynAnalysisRunner static constructor.
RoslynAnalysisRunner will not be running.
RoslynAnalysisRunner has terminated.
Mono: successfully reloaded assembly
- Completed reload, in  0.931 seconds
Platform modules already initialized, skipping
Switching build target platform(5) subTarget(0) extendedPlatform(0) -> platform(13) subTarget(537395200) extendedPlatform(0)
Refreshing native plugins compatible for Editor in 0.36 ms, found 1 plugins.
Preloading 0 native plugins for Editor in 0.00 ms.
Unloading 1818 Unused Serialized files (Serialized files now loaded: 0)
System memory in use before: 88.4 MB.
System memory in use after: 88.4 MB.

Unloading 12 unused Assets to reduce memory usage. Loaded Objects now: 2397.
Total: 2.330900 ms (FindLiveObjects: 0.333600 ms CreateObjectMapping: 0.113000 ms MarkObjects: 1.765100 ms  DeleteObjects: 0.117400 ms)

AssetImportParameters requested are different than current active one (requested -> active):
  custom:graphics/normal-map-encoding: 01000000000000000000000000000000 -> 02000000000000000000000000000000
========================================================================
Received Import Request.
  Time since last request: 129.303784 seconds.
  path: Assets/Prefabs/Bonus/Bonus.prefab
  artifactKey: Guid(8cc2e9bcfad32e04198091e7b20eff73) Importer(815301076,1909f56bfc062723c751e8b465ee728b)
Start importing Assets/Prefabs/Bonus/Bonus.prefab using Guid(8cc2e9bcfad32e04198091e7b20eff73) Importer(815301076,1909f56bfc062723c751e8b465ee728b)  -> (artifact id: '0ee5a10fe6cccc8e0fe3af48b84390b8') in 0.063285 seconds
  Import took 0.067922 seconds .

========================================================================
Received Import Request.
  Time since last request: 3.301224 seconds.
  path: Assets/Prefabs/Bonus/Bonus.prefab
  artifactKey: Guid(8cc2e9bcfad32e04198091e7b20eff73) Importer(815301076,1909f56bfc062723c751e8b465ee728b)
Start importing Assets/Prefabs/Bonus/Bonus.prefab using Guid(8cc2e9bcfad32e04198091e7b20eff73) Importer(815301076,1909f56bfc062723c751e8b465ee728b)  -> (artifact id: 'bdb050f0d28d1816d8c388bd9a2a36dd') in 0.016368 seconds
  Import took 0.019813 seconds .

========================================================================
Received Import Request.
  Time since last request: 2.433413 seconds.
  path: Assets/Prefabs/Bonus/Bonus.prefab
  artifactKey: Guid(8cc2e9bcfad32e04198091e7b20eff73) Importer(815301076,1909f56bfc062723c751e8b465ee728b)
Start importing Assets/Prefabs/Bonus/Bonus.prefab using Guid(8cc2e9bcfad32e04198091e7b20eff73) Importer(815301076,1909f56bfc062723c751e8b465ee728b)  -> (artifact id: 'e53bf9848df2bf56171947b86719e6e7') in 0.014495 seconds
  Import took 0.017828 seconds .

========================================================================
Received Import Request.
  Time since last request: 5.466892 seconds.
  path: Assets/Prefabs/Bonus/Bonus.prefab
  artifactKey: Guid(8cc2e9bcfad32e04198091e7b20eff73) Importer(815301076,1909f56bfc062723c751e8b465ee728b)
Start importing Assets/Prefabs/Bonus/Bonus.prefab using Guid(8cc2e9bcfad32e04198091e7b20eff73) Importer(815301076,1909f56bfc062723c751e8b465ee728b)  -> (artifact id: 'a3ff3ac2f1b9f2901a95f417e52db8c3') in 0.013448 seconds
  Import took 0.017095 seconds .

========================================================================
Received Prepare
Registering precompiled user dll's ...
Registered in 0.000773 seconds.
Begin MonoManager ReloadAssembly
Native extension for WindowsStandalone target not found
Refreshing native plugins compatible for Editor in 0.42 ms, found 1 plugins.
Preloading 0 native plugins for Editor in 0.00 ms.
Invoked RoslynAnalysisRunner static constructor.
RoslynAnalysisRunner will not be running.
RoslynAnalysisRunner has terminated.
Mono: successfully reloaded assembly
- Completed reload, in  0.952 seconds
Platform modules already initialized, skipping
Switching build target platform(5) subTarget(0) extendedPlatform(0) -> platform(13) subTarget(537395200) extendedPlatform(0)
Refreshing native plugins compatible for Editor in 0.36 ms, found 1 plugins.
Preloading 0 native plugins for Editor in 0.00 ms.
Unloading 1818 Unused Serialized files (Serialized files now loaded: 0)
System memory in use before: 88.5 MB.
System memory in use after: 88.5 MB.

Unloading 12 unused Assets to reduce memory usage. Loaded Objects now: 2402.
Total: 2.505300 ms (FindLiveObjects: 0.237100 ms CreateObjectMapping: 0.044100 ms MarkObjects: 2.093800 ms  DeleteObjects: 0.129000 ms)

AssetImportParameters requested are different than current active one (requested -> active):
  custom:graphics/normal-map-encoding: 01000000000000000000000000000000 -> 02000000000000000000000000000000
========================================================================
Received Import Request.
  Time since last request: 111.195797 seconds.
  path: Assets/Prefabs/EnemyWave/Wave Boss 1.prefab
  artifactKey: Guid(d8d531aca993c014b84d211ecf19b252) Importer(815301076,1909f56bfc062723c751e8b465ee728b)
Start importing Assets/Prefabs/EnemyWave/Wave Boss 1.prefab using Guid(d8d531aca993c014b84d211ecf19b252) Importer(815301076,1909f56bfc062723c751e8b465ee728b)  -> (artifact id: '9ee848ee25d4219cdb887a7f5aad7876') in 0.032563 seconds
  Import took 0.036159 seconds .

========================================================================
Received Import Request.
  Time since last request: 0.019024 seconds.
  path: Assets/Prefabs/EnemyWave/Wave Boss 1.prefab
  artifactKey: Guid(d8d531aca993c014b84d211ecf19b252) Importer(815301076,1909f56bfc062723c751e8b465ee728b)
Start importing Assets/Prefabs/EnemyWave/Wave Boss 1.prefab using Guid(d8d531aca993c014b84d211ecf19b252) Importer(815301076,1909f56bfc062723c751e8b465ee728b)  -> (artifact id: '9ee848ee25d4219cdb887a7f5aad7876') in 0.006590 seconds
  Import took 0.010412 seconds .

========================================================================
Received Import Request.
  Time since last request: 9.677321 seconds.
  path: Assets/Prefabs/EnemyWave/Wave Boss.prefab
  artifactKey: Guid(f2952d858c2d3f544a8c4d1b84a727d4) Importer(815301076,1909f56bfc062723c751e8b465ee728b)
Start importing Assets/Prefabs/EnemyWave/Wave Boss.prefab using Guid(f2952d858c2d3f544a8c4d1b84a727d4) Importer(815301076,1909f56bfc062723c751e8b465ee728b)  -> (artifact id: '8e62bce1438ecb1179babfe79682f75e') in 0.006563 seconds
  Import took 0.010345 seconds .

========================================================================
Received Import Request.
  Time since last request: 0.048975 seconds.
  path: Assets/Prefabs/EnemyWave/Wave Boss.prefab
  artifactKey: Guid(f2952d858c2d3f544a8c4d1b84a727d4) Importer(815301076,1909f56bfc062723c751e8b465ee728b)
Start importing Assets/Prefabs/EnemyWave/Wave Boss.prefab using Guid(f2952d858c2d3f544a8c4d1b84a727d4) Importer(815301076,1909f56bfc062723c751e8b465ee728b)  -> (artifact id: '8e62bce1438ecb1179babfe79682f75e') in 0.006391 seconds
  Import took 0.009701 seconds .

AssetImportWorkerClient::OnTransportError - code=2 error=End of file
