Using pre-set license
Built from '2020.3/release' branch; Version is '2020.3.1f1 (77a89f25062f) revision 7841951'; Using compiler version '192528614'; Build Type 'Release'
OS: 'Windows 10 Pro; OS build 19042.1052; Version 2009; 64bit' Language: 'ru' Physical Memory: 15789 MB
BatchMode: 1, IsHumanControllingUs: 0, StartBugReporterOnCrash: 0, Is64bit: 1, IsPro: 0

 COMMAND LINE ARGUMENTS:
C:\Program Files\Unity\Hub\Editor\2020.3.1f1\Editor\Unity.exe
-adb2
-batchMode
-noUpm
-name
AssetImportWorker0
-projectPath
D:/Unity/Agar.io
-logFile
Logs/AssetImportWorker0.log
-srvPort
59463
Successfully changed project path to: D:/Unity/Agar.io
D:/Unity/Agar.io
Using Asset Import Pipeline V2.
Refreshing native plugins compatible for Editor in 37.70 ms, found 1 plugins.
Preloading 0 native plugins for Editor in 0.00 ms.
Initialize engine version: 2020.3.1f1 (77a89f25062f)
[Subsystems] Discovering subsystems at path C:/Program Files/Unity/Hub/Editor/2020.3.1f1/Editor/Data/Resources/UnitySubsystems
[Subsystems] Discovering subsystems at path D:/Unity/Agar.io/Assets
GfxDevice: creating device client; threaded=0
Direct3D:
    Version:  Direct3D 11.0 [level 11.1]
    Renderer: NVIDIA GeForce GTX 1660 Ti (ID=0x2191)
    Vendor:   
    VRAM:     5991 MB
    Driver:   27.21.14.6627
Initialize mono
Mono path[0] = 'C:/Program Files/Unity/Hub/Editor/2020.3.1f1/Editor/Data/Managed'
Mono path[1] = 'C:/Program Files/Unity/Hub/Editor/2020.3.1f1/Editor/Data/MonoBleedingEdge/lib/mono/unityjit'
Mono config path = 'C:/Program Files/Unity/Hub/Editor/2020.3.1f1/Editor/Data/MonoBleedingEdge/etc'
Using monoOptions --debugger-agent=transport=dt_socket,embedding=1,server=y,suspend=n,address=127.0.0.1:56920
Begin MonoManager ReloadAssembly
Registering precompiled unity dll's ...
Register platform support module: C:/Program Files/Unity/Hub/Editor/2020.3.1f1/Editor/Data/PlaybackEngines/WindowsStandaloneSupport/UnityEditor.WindowsStandalone.Extensions.dll
Registered in 0.001762 seconds.
Native extension for WindowsStandalone target not found
Refreshing native plugins compatible for Editor in 34.58 ms, found 1 plugins.
Preloading 0 native plugins for Editor in 0.00 ms.
Invoked RoslynAnalysisRunner static constructor.
RoslynAnalysisRunner will not be running.
RoslynAnalysisRunner has terminated.
Mono: successfully reloaded assembly
- Completed reload, in  2.006 seconds
Platform modules already initialized, skipping
Registering precompiled user dll's ...
Registered in 0.001782 seconds.
Begin MonoManager ReloadAssembly
Native extension for WindowsStandalone target not found
Refreshing native plugins compatible for Editor in 38.31 ms, found 1 plugins.
Preloading 0 native plugins for Editor in 0.00 ms.
Invoked RoslynAnalysisRunner static constructor.
RoslynAnalysisRunner will not be running.
RoslynAnalysisRunner has terminated.
Mono: successfully reloaded assembly
- Completed reload, in  0.946 seconds
Platform modules already initialized, skipping
========================================================================
Worker process is ready to serve import requests
Launched and connected shader compiler UnityShaderCompiler.exe after 0.05 seconds
Refreshing native plugins compatible for Editor in 0.45 ms, found 1 plugins.
Preloading 0 native plugins for Editor in 0.00 ms.
Unloading 1950 Unused Serialized files (Serialized files now loaded: 0)
System memory in use before: 89.4 MB.
System memory in use after: 89.4 MB.

Unloading 28 unused Assets to reduce memory usage. Loaded Objects now: 2389.
Total: 2.652700 ms (FindLiveObjects: 0.586900 ms CreateObjectMapping: 0.107800 ms MarkObjects: 1.834200 ms  DeleteObjects: 0.122500 ms)

========================================================================
Received Import Request.
  path: Assets/Resourses/Player.prefab
  artifactKey: Guid(c30458fd9a403f145aebe3dbf83834ef) Importer(815301076,1909f56bfc062723c751e8b465ee728b)
Start importing Assets/Resourses/Player.prefab using Guid(c30458fd9a403f145aebe3dbf83834ef) Importer(815301076,1909f56bfc062723c751e8b465ee728b)  -> (artifact id: '060c67a8ae4b331f3e74df3fd216376c') in 0.110967 seconds
  Import took 0.115381 seconds .

========================================================================
Received Import Request.
  Time since last request: 49.621324 seconds.
  path: Assets/Scripts/PlayerHelper.cs
  artifactKey: Guid(d3df8f48bf663434a957f66e94380fed) Importer(815301076,1909f56bfc062723c751e8b465ee728b)
Start importing Assets/Scripts/PlayerHelper.cs using Guid(d3df8f48bf663434a957f66e94380fed) Importer(815301076,1909f56bfc062723c751e8b465ee728b)  -> (artifact id: '2cc613f282378df7b664f7ee1974cbad') in 0.017824 seconds
  Import took 0.021228 seconds .

========================================================================
Received Import Request.
  Time since last request: 483.208975 seconds.
  path: Assets/Scripts/PlayerHelper.cs
  artifactKey: Guid(d3df8f48bf663434a957f66e94380fed) Importer(815301076,1909f56bfc062723c751e8b465ee728b)
Start importing Assets/Scripts/PlayerHelper.cs using Guid(d3df8f48bf663434a957f66e94380fed) Importer(815301076,1909f56bfc062723c751e8b465ee728b)  -> (artifact id: 'c0495cbf45a710194de26ae1b642f2fa') in 0.002450 seconds
  Import took 0.005764 seconds .

========================================================================
Received Prepare
Registering precompiled user dll's ...
Registered in 0.001705 seconds.
Begin MonoManager ReloadAssembly
Native extension for WindowsStandalone target not found
Refreshing native plugins compatible for Editor in 0.40 ms, found 1 plugins.
Preloading 0 native plugins for Editor in 0.00 ms.
Invoked RoslynAnalysisRunner static constructor.
RoslynAnalysisRunner will not be running.
RoslynAnalysisRunner has terminated.
Mono: successfully reloaded assembly
- Completed reload, in  0.870 seconds
Platform modules already initialized, skipping
Refreshing native plugins compatible for Editor in 0.44 ms, found 1 plugins.
Preloading 0 native plugins for Editor in 0.00 ms.
Unloading 1945 Unused Serialized files (Serialized files now loaded: 0)
System memory in use before: 92.5 MB.
System memory in use after: 92.5 MB.

Unloading 16 unused Assets to reduce memory usage. Loaded Objects now: 2400.
Total: 2.222900 ms (FindLiveObjects: 0.269300 ms CreateObjectMapping: 0.090600 ms MarkObjects: 1.758000 ms  DeleteObjects: 0.103300 ms)

========================================================================
Received Prepare
Registering precompiled user dll's ...
Registered in 0.001842 seconds.
Begin MonoManager ReloadAssembly
Native extension for WindowsStandalone target not found
Refreshing native plugins compatible for Editor in 0.80 ms, found 1 plugins.
Preloading 0 native plugins for Editor in 0.00 ms.
Invoked RoslynAnalysisRunner static constructor.
RoslynAnalysisRunner will not be running.
RoslynAnalysisRunner has terminated.
Mono: successfully reloaded assembly
- Completed reload, in  0.876 seconds
Platform modules already initialized, skipping
Refreshing native plugins compatible for Editor in 0.44 ms, found 1 plugins.
Preloading 0 native plugins for Editor in 0.00 ms.
Unloading 1945 Unused Serialized files (Serialized files now loaded: 0)
System memory in use before: 92.5 MB.
System memory in use after: 92.5 MB.

Unloading 16 unused Assets to reduce memory usage. Loaded Objects now: 2404.
Total: 2.231200 ms (FindLiveObjects: 0.236000 ms CreateObjectMapping: 0.045800 ms MarkObjects: 1.833500 ms  DeleteObjects: 0.114300 ms)

========================================================================
Received Import Request.
  Time since last request: 91.962647 seconds.
  path: Assets/Scripts/PlayerHelper.cs
  artifactKey: Guid(d3df8f48bf663434a957f66e94380fed) Importer(815301076,1909f56bfc062723c751e8b465ee728b)
Start importing Assets/Scripts/PlayerHelper.cs using Guid(d3df8f48bf663434a957f66e94380fed) Importer(815301076,1909f56bfc062723c751e8b465ee728b)  -> (artifact id: '556ac9d41a0bcbd86060a5ba592585cb') in 0.004833 seconds
  Import took 0.007901 seconds .

========================================================================
Received Prepare
Registering precompiled user dll's ...
Registered in 0.001709 seconds.
Begin MonoManager ReloadAssembly
Native extension for WindowsStandalone target not found
Refreshing native plugins compatible for Editor in 0.40 ms, found 1 plugins.
Preloading 0 native plugins for Editor in 0.00 ms.
Invoked RoslynAnalysisRunner static constructor.
RoslynAnalysisRunner will not be running.
RoslynAnalysisRunner has terminated.
Mono: successfully reloaded assembly
- Completed reload, in  0.843 seconds
Platform modules already initialized, skipping
Refreshing native plugins compatible for Editor in 0.43 ms, found 1 plugins.
Preloading 0 native plugins for Editor in 0.00 ms.
Unloading 1945 Unused Serialized files (Serialized files now loaded: 0)
System memory in use before: 92.6 MB.
System memory in use after: 92.6 MB.

Unloading 16 unused Assets to reduce memory usage. Loaded Objects now: 2408.
Total: 2.905000 ms (FindLiveObjects: 0.216600 ms CreateObjectMapping: 0.045700 ms MarkObjects: 2.458100 ms  DeleteObjects: 0.182900 ms)

========================================================================
Received Import Request.
  Time since last request: 66.194647 seconds.
  path: Assets/Resourses/Player.prefab
  artifactKey: Guid(c30458fd9a403f145aebe3dbf83834ef) Importer(815301076,1909f56bfc062723c751e8b465ee728b)
Start importing Assets/Resourses/Player.prefab using Guid(c30458fd9a403f145aebe3dbf83834ef) Importer(815301076,1909f56bfc062723c751e8b465ee728b)  -> (artifact id: 'bfc8801b6028d244dcae91d0c9dc2d96') in 0.058133 seconds
  Import took 0.062097 seconds .

========================================================================
Received Prepare
Registering precompiled user dll's ...
Registered in 0.001830 seconds.
Begin MonoManager ReloadAssembly
Native extension for WindowsStandalone target not found
Refreshing native plugins compatible for Editor in 0.45 ms, found 1 plugins.
Preloading 0 native plugins for Editor in 0.00 ms.
Invoked RoslynAnalysisRunner static constructor.
RoslynAnalysisRunner will not be running.
RoslynAnalysisRunner has terminated.
Mono: successfully reloaded assembly
- Completed reload, in  0.822 seconds
Platform modules already initialized, skipping
Refreshing native plugins compatible for Editor in 0.40 ms, found 1 plugins.
Preloading 0 native plugins for Editor in 0.00 ms.
Unloading 1945 Unused Serialized files (Serialized files now loaded: 0)
System memory in use before: 92.6 MB.
System memory in use after: 92.6 MB.

Unloading 16 unused Assets to reduce memory usage. Loaded Objects now: 2413.
Total: 2.391400 ms (FindLiveObjects: 0.329700 ms CreateObjectMapping: 0.117900 ms MarkObjects: 1.828200 ms  DeleteObjects: 0.113800 ms)

========================================================================
Received Import Request.
  Time since last request: 84.637241 seconds.
  path: Assets/Resourses/Player.prefab
  artifactKey: Guid(c30458fd9a403f145aebe3dbf83834ef) Importer(815301076,1909f56bfc062723c751e8b465ee728b)
Start importing Assets/Resourses/Player.prefab using Guid(c30458fd9a403f145aebe3dbf83834ef) Importer(815301076,1909f56bfc062723c751e8b465ee728b)  -> (artifact id: 'f32ab4d66328e1890caae7c5a98e2f02') in 0.057951 seconds
  Import took 0.061394 seconds .

========================================================================
Received Prepare
Registering precompiled user dll's ...
Registered in 0.001750 seconds.
Begin MonoManager ReloadAssembly
Native extension for WindowsStandalone target not found
Refreshing native plugins compatible for Editor in 0.39 ms, found 1 plugins.
Preloading 0 native plugins for Editor in 0.00 ms.
Invoked RoslynAnalysisRunner static constructor.
RoslynAnalysisRunner will not be running.
RoslynAnalysisRunner has terminated.
Mono: successfully reloaded assembly
- Completed reload, in  0.845 seconds
Platform modules already initialized, skipping
Refreshing native plugins compatible for Editor in 0.40 ms, found 1 plugins.
Preloading 0 native plugins for Editor in 0.00 ms.
Unloading 1945 Unused Serialized files (Serialized files now loaded: 0)
System memory in use before: 92.6 MB.
System memory in use after: 92.6 MB.

Unloading 16 unused Assets to reduce memory usage. Loaded Objects now: 2418.
Total: 2.242400 ms (FindLiveObjects: 0.359400 ms CreateObjectMapping: 0.105300 ms MarkObjects: 1.656000 ms  DeleteObjects: 0.120100 ms)

========================================================================
Received Prepare
Registering precompiled user dll's ...
Registered in 0.002189 seconds.
Begin MonoManager ReloadAssembly
Native extension for WindowsStandalone target not found
Refreshing native plugins compatible for Editor in 0.43 ms, found 1 plugins.
Preloading 0 native plugins for Editor in 0.00 ms.
Invoked RoslynAnalysisRunner static constructor.
RoslynAnalysisRunner will not be running.
RoslynAnalysisRunner has terminated.
Mono: successfully reloaded assembly
- Completed reload, in  0.833 seconds
Platform modules already initialized, skipping
Refreshing native plugins compatible for Editor in 0.40 ms, found 1 plugins.
Preloading 0 native plugins for Editor in 0.00 ms.
Unloading 1945 Unused Serialized files (Serialized files now loaded: 0)
System memory in use before: 92.6 MB.
System memory in use after: 92.6 MB.

Unloading 16 unused Assets to reduce memory usage. Loaded Objects now: 2422.
Total: 2.484300 ms (FindLiveObjects: 0.313900 ms CreateObjectMapping: 0.127500 ms MarkObjects: 1.921000 ms  DeleteObjects: 0.118700 ms)

========================================================================
Received Prepare
Registering precompiled user dll's ...
Registered in 0.001817 seconds.
Begin MonoManager ReloadAssembly
Native extension for WindowsStandalone target not found
Refreshing native plugins compatible for Editor in 0.42 ms, found 1 plugins.
Preloading 0 native plugins for Editor in 0.00 ms.
Invoked RoslynAnalysisRunner static constructor.
RoslynAnalysisRunner will not be running.
RoslynAnalysisRunner has terminated.
Mono: successfully reloaded assembly
- Completed reload, in  0.851 seconds
Platform modules already initialized, skipping
Refreshing native plugins compatible for Editor in 0.43 ms, found 1 plugins.
Preloading 0 native plugins for Editor in 0.00 ms.
Unloading 1945 Unused Serialized files (Serialized files now loaded: 0)
System memory in use before: 92.6 MB.
System memory in use after: 92.6 MB.

Unloading 16 unused Assets to reduce memory usage. Loaded Objects now: 2426.
Total: 2.138200 ms (FindLiveObjects: 0.276300 ms CreateObjectMapping: 0.090300 ms MarkObjects: 1.653600 ms  DeleteObjects: 0.116700 ms)

========================================================================
Received Prepare
Registering precompiled user dll's ...
Registered in 0.001852 seconds.
Begin MonoManager ReloadAssembly
Native extension for WindowsStandalone target not found
Refreshing native plugins compatible for Editor in 0.41 ms, found 1 plugins.
Preloading 0 native plugins for Editor in 0.00 ms.
Invoked RoslynAnalysisRunner static constructor.
RoslynAnalysisRunner will not be running.
RoslynAnalysisRunner has terminated.
Mono: successfully reloaded assembly
- Completed reload, in  0.855 seconds
Platform modules already initialized, skipping
Refreshing native plugins compatible for Editor in 0.40 ms, found 1 plugins.
Preloading 0 native plugins for Editor in 0.00 ms.
Unloading 1945 Unused Serialized files (Serialized files now loaded: 0)
System memory in use before: 92.6 MB.
System memory in use after: 92.6 MB.

Unloading 16 unused Assets to reduce memory usage. Loaded Objects now: 2430.
Total: 3.303200 ms (FindLiveObjects: 0.470800 ms CreateObjectMapping: 0.135100 ms MarkObjects: 2.557700 ms  DeleteObjects: 0.137000 ms)

========================================================================
Received Prepare
Registering precompiled user dll's ...
Registered in 0.002024 seconds.
Begin MonoManager ReloadAssembly
Native extension for WindowsStandalone target not found
Refreshing native plugins compatible for Editor in 0.42 ms, found 1 plugins.
Preloading 0 native plugins for Editor in 0.00 ms.
Invoked RoslynAnalysisRunner static constructor.
RoslynAnalysisRunner will not be running.
RoslynAnalysisRunner has terminated.
Mono: successfully reloaded assembly
- Completed reload, in  0.847 seconds
Platform modules already initialized, skipping
Refreshing native plugins compatible for Editor in 0.42 ms, found 1 plugins.
Preloading 0 native plugins for Editor in 0.00 ms.
Unloading 1945 Unused Serialized files (Serialized files now loaded: 0)
System memory in use before: 92.6 MB.
System memory in use after: 92.6 MB.

Unloading 16 unused Assets to reduce memory usage. Loaded Objects now: 2434.
Total: 3.104800 ms (FindLiveObjects: 0.292600 ms CreateObjectMapping: 0.118500 ms MarkObjects: 2.537300 ms  DeleteObjects: 0.154800 ms)

========================================================================
Received Prepare
Registering precompiled user dll's ...
Registered in 0.001772 seconds.
Begin MonoManager ReloadAssembly
Native extension for WindowsStandalone target not found
Refreshing native plugins compatible for Editor in 0.40 ms, found 1 plugins.
Preloading 0 native plugins for Editor in 0.00 ms.
Invoked RoslynAnalysisRunner static constructor.
RoslynAnalysisRunner will not be running.
RoslynAnalysisRunner has terminated.
Mono: successfully reloaded assembly
- Completed reload, in  0.833 seconds
Platform modules already initialized, skipping
Refreshing native plugins compatible for Editor in 0.42 ms, found 1 plugins.
Preloading 0 native plugins for Editor in 0.00 ms.
Unloading 1945 Unused Serialized files (Serialized files now loaded: 0)
System memory in use before: 92.6 MB.
System memory in use after: 92.6 MB.

Unloading 16 unused Assets to reduce memory usage. Loaded Objects now: 2438.
Total: 2.575000 ms (FindLiveObjects: 0.498600 ms CreateObjectMapping: 0.098400 ms MarkObjects: 1.833300 ms  DeleteObjects: 0.142200 ms)

========================================================================
Received Prepare
Registering precompiled user dll's ...
Registered in 0.002479 seconds.
Begin MonoManager ReloadAssembly
Native extension for WindowsStandalone target not found
Refreshing native plugins compatible for Editor in 0.40 ms, found 1 plugins.
Preloading 0 native plugins for Editor in 0.00 ms.
Invoked RoslynAnalysisRunner static constructor.
RoslynAnalysisRunner will not be running.
RoslynAnalysisRunner has terminated.
Mono: successfully reloaded assembly
- Completed reload, in  0.843 seconds
Platform modules already initialized, skipping
Refreshing native plugins compatible for Editor in 0.39 ms, found 1 plugins.
Preloading 0 native plugins for Editor in 0.00 ms.
Unloading 1945 Unused Serialized files (Serialized files now loaded: 0)
System memory in use before: 92.6 MB.
System memory in use after: 92.6 MB.

Unloading 16 unused Assets to reduce memory usage. Loaded Objects now: 2442.
Total: 2.900300 ms (FindLiveObjects: 0.545700 ms CreateObjectMapping: 0.166800 ms MarkObjects: 2.063800 ms  DeleteObjects: 0.122200 ms)

========================================================================
Received Prepare
Registering precompiled user dll's ...
Registered in 0.001914 seconds.
Begin MonoManager ReloadAssembly
Native extension for WindowsStandalone target not found
Refreshing native plugins compatible for Editor in 0.41 ms, found 1 plugins.
Preloading 0 native plugins for Editor in 0.00 ms.
Invoked RoslynAnalysisRunner static constructor.
RoslynAnalysisRunner will not be running.
RoslynAnalysisRunner has terminated.
Mono: successfully reloaded assembly
- Completed reload, in  0.826 seconds
Platform modules already initialized, skipping
Refreshing native plugins compatible for Editor in 0.45 ms, found 1 plugins.
Preloading 0 native plugins for Editor in 0.00 ms.
Unloading 1945 Unused Serialized files (Serialized files now loaded: 0)
System memory in use before: 92.6 MB.
System memory in use after: 92.6 MB.

Unloading 16 unused Assets to reduce memory usage. Loaded Objects now: 2446.
Total: 2.757100 ms (FindLiveObjects: 0.514900 ms CreateObjectMapping: 0.094700 ms MarkObjects: 2.029100 ms  DeleteObjects: 0.116600 ms)

========================================================================
Received Prepare
Registering precompiled user dll's ...
Registered in 0.001942 seconds.
Begin MonoManager ReloadAssembly
Native extension for WindowsStandalone target not found
Refreshing native plugins compatible for Editor in 0.46 ms, found 1 plugins.
Preloading 0 native plugins for Editor in 0.00 ms.
Invoked RoslynAnalysisRunner static constructor.
RoslynAnalysisRunner will not be running.
RoslynAnalysisRunner has terminated.
Mono: successfully reloaded assembly
- Completed reload, in  0.878 seconds
Platform modules already initialized, skipping
Refreshing native plugins compatible for Editor in 0.40 ms, found 1 plugins.
Preloading 0 native plugins for Editor in 0.00 ms.
Unloading 1945 Unused Serialized files (Serialized files now loaded: 0)
System memory in use before: 92.7 MB.
System memory in use after: 92.6 MB.

Unloading 16 unused Assets to reduce memory usage. Loaded Objects now: 2450.
Total: 2.469900 ms (FindLiveObjects: 0.374400 ms CreateObjectMapping: 0.121500 ms MarkObjects: 1.849700 ms  DeleteObjects: 0.122200 ms)

========================================================================
Received Prepare
Refreshing native plugins compatible for Editor in 1.70 ms, found 1 plugins.
Preloading 0 native plugins for Editor in 0.00 ms.
Unloading 14 Unused Serialized files (Serialized files now loaded: 0)
System memory in use before: 54.5 MB.
System memory in use after: 54.5 MB.

Unloading 14 unused Assets to reduce memory usage. Loaded Objects now: 2450.
Total: 2.235700 ms (FindLiveObjects: 0.356500 ms CreateObjectMapping: 0.052000 ms MarkObjects: 1.707400 ms  DeleteObjects: 0.117400 ms)

========================================================================
Received Prepare
Registering precompiled user dll's ...
Registered in 0.001712 seconds.
Begin MonoManager ReloadAssembly
Native extension for WindowsStandalone target not found
Refreshing native plugins compatible for Editor in 0.47 ms, found 1 plugins.
Preloading 0 native plugins for Editor in 0.00 ms.
Invoked RoslynAnalysisRunner static constructor.
RoslynAnalysisRunner will not be running.
RoslynAnalysisRunner has terminated.
Mono: successfully reloaded assembly
- Completed reload, in  0.925 seconds
Platform modules already initialized, skipping
Refreshing native plugins compatible for Editor in 0.73 ms, found 1 plugins.
Preloading 0 native plugins for Editor in 0.00 ms.
Unloading 1945 Unused Serialized files (Serialized files now loaded: 0)
System memory in use before: 92.7 MB.
System memory in use after: 92.7 MB.

Unloading 16 unused Assets to reduce memory usage. Loaded Objects now: 2454.
Total: 2.306000 ms (FindLiveObjects: 0.239700 ms CreateObjectMapping: 0.046800 ms MarkObjects: 1.902600 ms  DeleteObjects: 0.115200 ms)

========================================================================
Received Prepare
Registering precompiled user dll's ...
Registered in 0.001851 seconds.
Begin MonoManager ReloadAssembly
Native extension for WindowsStandalone target not found
Refreshing native plugins compatible for Editor in 0.40 ms, found 1 plugins.
Preloading 0 native plugins for Editor in 0.00 ms.
Invoked RoslynAnalysisRunner static constructor.
RoslynAnalysisRunner will not be running.
RoslynAnalysisRunner has terminated.
Mono: successfully reloaded assembly
- Completed reload, in  0.855 seconds
Platform modules already initialized, skipping
Refreshing native plugins compatible for Editor in 0.41 ms, found 1 plugins.
Preloading 0 native plugins for Editor in 0.00 ms.
Unloading 1945 Unused Serialized files (Serialized files now loaded: 0)
System memory in use before: 92.7 MB.
System memory in use after: 92.7 MB.

Unloading 16 unused Assets to reduce memory usage. Loaded Objects now: 2458.
Total: 3.232300 ms (FindLiveObjects: 0.298200 ms CreateObjectMapping: 0.063100 ms MarkObjects: 2.685500 ms  DeleteObjects: 0.183900 ms)

========================================================================
Received Import Request.
  Time since last request: 2533.415213 seconds.
  path: Assets/Resourses/Point.prefab
  artifactKey: Guid(587592de23be3cd42bf68acd5c61b434) Importer(815301076,1909f56bfc062723c751e8b465ee728b)
Start importing Assets/Resourses/Point.prefab using Guid(587592de23be3cd42bf68acd5c61b434) Importer(815301076,1909f56bfc062723c751e8b465ee728b)  -> (artifact id: '22644d1f3bcd54cad4d034ff27411147') in 0.094522 seconds
  Import took 0.098099 seconds .

========================================================================
Received Prepare
Registering precompiled user dll's ...
Registered in 0.001878 seconds.
Begin MonoManager ReloadAssembly
Native extension for WindowsStandalone target not found
Refreshing native plugins compatible for Editor in 0.44 ms, found 1 plugins.
Preloading 0 native plugins for Editor in 0.00 ms.
Invoked RoslynAnalysisRunner static constructor.
RoslynAnalysisRunner will not be running.
RoslynAnalysisRunner has terminated.
Mono: successfully reloaded assembly
- Completed reload, in  0.835 seconds
Platform modules already initialized, skipping
Refreshing native plugins compatible for Editor in 0.40 ms, found 1 plugins.
Preloading 0 native plugins for Editor in 0.00 ms.
Unloading 1945 Unused Serialized files (Serialized files now loaded: 0)
System memory in use before: 92.7 MB.
System memory in use after: 92.7 MB.

Unloading 16 unused Assets to reduce memory usage. Loaded Objects now: 2463.
Total: 2.753700 ms (FindLiveObjects: 0.331000 ms CreateObjectMapping: 0.134200 ms MarkObjects: 2.169800 ms  DeleteObjects: 0.117200 ms)

========================================================================
Received Prepare
Registering precompiled user dll's ...
Registered in 0.001802 seconds.
Begin MonoManager ReloadAssembly
Native extension for WindowsStandalone target not found
Refreshing native plugins compatible for Editor in 0.46 ms, found 1 plugins.
Preloading 0 native plugins for Editor in 0.00 ms.
Invoked RoslynAnalysisRunner static constructor.
RoslynAnalysisRunner will not be running.
RoslynAnalysisRunner has terminated.
Mono: successfully reloaded assembly
- Completed reload, in  0.831 seconds
Platform modules already initialized, skipping
Refreshing native plugins compatible for Editor in 0.40 ms, found 1 plugins.
Preloading 0 native plugins for Editor in 0.00 ms.
Unloading 1945 Unused Serialized files (Serialized files now loaded: 0)
System memory in use before: 92.7 MB.
System memory in use after: 92.7 MB.

Unloading 16 unused Assets to reduce memory usage. Loaded Objects now: 2467.
Total: 2.131600 ms (FindLiveObjects: 0.266700 ms CreateObjectMapping: 0.047200 ms MarkObjects: 1.695200 ms  DeleteObjects: 0.121100 ms)

========================================================================
Received Prepare
Registering precompiled user dll's ...
Registered in 0.001717 seconds.
Begin MonoManager ReloadAssembly
Native extension for WindowsStandalone target not found
Refreshing native plugins compatible for Editor in 0.40 ms, found 1 plugins.
Preloading 0 native plugins for Editor in 0.00 ms.
Invoked RoslynAnalysisRunner static constructor.
RoslynAnalysisRunner will not be running.
RoslynAnalysisRunner has terminated.
Mono: successfully reloaded assembly
- Completed reload, in  0.846 seconds
Platform modules already initialized, skipping
Refreshing native plugins compatible for Editor in 0.40 ms, found 1 plugins.
Preloading 0 native plugins for Editor in 0.00 ms.
Unloading 1945 Unused Serialized files (Serialized files now loaded: 0)
System memory in use before: 92.7 MB.
System memory in use after: 92.7 MB.

Unloading 16 unused Assets to reduce memory usage. Loaded Objects now: 2471.
Total: 2.527200 ms (FindLiveObjects: 0.282300 ms CreateObjectMapping: 0.090600 ms MarkObjects: 2.032700 ms  DeleteObjects: 0.119300 ms)

========================================================================
Received Prepare
Registering precompiled user dll's ...
Registered in 0.001750 seconds.
Begin MonoManager ReloadAssembly
Native extension for WindowsStandalone target not found
Refreshing native plugins compatible for Editor in 0.41 ms, found 1 plugins.
Preloading 0 native plugins for Editor in 0.00 ms.
Invoked RoslynAnalysisRunner static constructor.
RoslynAnalysisRunner will not be running.
RoslynAnalysisRunner has terminated.
Mono: successfully reloaded assembly
- Completed reload, in  0.832 seconds
Platform modules already initialized, skipping
Refreshing native plugins compatible for Editor in 0.43 ms, found 1 plugins.
Preloading 0 native plugins for Editor in 0.00 ms.
Unloading 1945 Unused Serialized files (Serialized files now loaded: 0)
System memory in use before: 92.7 MB.
System memory in use after: 92.7 MB.

Unloading 16 unused Assets to reduce memory usage. Loaded Objects now: 2475.
Total: 2.633700 ms (FindLiveObjects: 0.494200 ms CreateObjectMapping: 0.165100 ms MarkObjects: 1.857500 ms  DeleteObjects: 0.115400 ms)

========================================================================
Received Prepare
Registering precompiled user dll's ...
Registered in 0.001730 seconds.
Begin MonoManager ReloadAssembly
Native extension for WindowsStandalone target not found
Refreshing native plugins compatible for Editor in 0.40 ms, found 1 plugins.
Preloading 0 native plugins for Editor in 0.00 ms.
Invoked RoslynAnalysisRunner static constructor.
RoslynAnalysisRunner will not be running.
RoslynAnalysisRunner has terminated.
Mono: successfully reloaded assembly
- Completed reload, in  0.823 seconds
Platform modules already initialized, skipping
Refreshing native plugins compatible for Editor in 0.45 ms, found 1 plugins.
Preloading 0 native plugins for Editor in 0.00 ms.
Unloading 1945 Unused Serialized files (Serialized files now loaded: 0)
System memory in use before: 92.7 MB.
System memory in use after: 92.7 MB.

Unloading 16 unused Assets to reduce memory usage. Loaded Objects now: 2479.
Total: 2.143600 ms (FindLiveObjects: 0.316300 ms CreateObjectMapping: 0.046600 ms MarkObjects: 1.659700 ms  DeleteObjects: 0.118500 ms)

========================================================================
Received Prepare
Registering precompiled user dll's ...
Registered in 0.001824 seconds.
Begin MonoManager ReloadAssembly
Native extension for WindowsStandalone target not found
Refreshing native plugins compatible for Editor in 0.40 ms, found 1 plugins.
Preloading 0 native plugins for Editor in 0.00 ms.
Invoked RoslynAnalysisRunner static constructor.
RoslynAnalysisRunner will not be running.
RoslynAnalysisRunner has terminated.
Mono: successfully reloaded assembly
- Completed reload, in  0.819 seconds
Platform modules already initialized, skipping
Refreshing native plugins compatible for Editor in 0.42 ms, found 1 plugins.
Preloading 0 native plugins for Editor in 0.00 ms.
Unloading 1945 Unused Serialized files (Serialized files now loaded: 0)
System memory in use before: 92.7 MB.
System memory in use after: 92.7 MB.

Unloading 16 unused Assets to reduce memory usage. Loaded Objects now: 2483.
Total: 2.050300 ms (FindLiveObjects: 0.220600 ms CreateObjectMapping: 0.046900 ms MarkObjects: 1.664700 ms  DeleteObjects: 0.117200 ms)

========================================================================
Received Import Request.
  Time since last request: 1142.692224 seconds.
  path: Assets/Scripts/PlayerHelper.cs
  artifactKey: Guid(d3df8f48bf663434a957f66e94380fed) Importer(815301076,1909f56bfc062723c751e8b465ee728b)
Start importing Assets/Scripts/PlayerHelper.cs using Guid(d3df8f48bf663434a957f66e94380fed) Importer(815301076,1909f56bfc062723c751e8b465ee728b)  -> (artifact id: '9fe35601a1eff7ef891e50210ec49fb4') in 0.005827 seconds
  Import took 0.009438 seconds .

========================================================================
Received Import Request.
  Time since last request: 0.003069 seconds.
  path: Assets/Scripts/PlayerHelper.cs
  artifactKey: Guid(d3df8f48bf663434a957f66e94380fed) Importer(815301076,1909f56bfc062723c751e8b465ee728b)
Start importing Assets/Scripts/PlayerHelper.cs using Guid(d3df8f48bf663434a957f66e94380fed) Importer(815301076,1909f56bfc062723c751e8b465ee728b)  -> (artifact id: '9fe35601a1eff7ef891e50210ec49fb4') in 0.002302 seconds
  Import took 0.005767 seconds .

========================================================================
Received Prepare
Registering precompiled user dll's ...
Registered in 0.001760 seconds.
Begin MonoManager ReloadAssembly
Native extension for WindowsStandalone target not found
Refreshing native plugins compatible for Editor in 0.44 ms, found 1 plugins.
Preloading 0 native plugins for Editor in 0.00 ms.
Invoked RoslynAnalysisRunner static constructor.
RoslynAnalysisRunner will not be running.
RoslynAnalysisRunner has terminated.
Mono: successfully reloaded assembly
- Completed reload, in  0.839 seconds
Platform modules already initialized, skipping
Refreshing native plugins compatible for Editor in 0.40 ms, found 1 plugins.
Preloading 0 native plugins for Editor in 0.00 ms.
Unloading 1945 Unused Serialized files (Serialized files now loaded: 0)
System memory in use before: 92.8 MB.
System memory in use after: 92.7 MB.

Unloading 16 unused Assets to reduce memory usage. Loaded Objects now: 2487.
Total: 2.273200 ms (FindLiveObjects: 0.415400 ms CreateObjectMapping: 0.054600 ms MarkObjects: 1.683500 ms  DeleteObjects: 0.118200 ms)

========================================================================
Received Prepare
Registering precompiled user dll's ...
Registered in 0.001848 seconds.
Begin MonoManager ReloadAssembly
Native extension for WindowsStandalone target not found
Refreshing native plugins compatible for Editor in 0.42 ms, found 1 plugins.
Preloading 0 native plugins for Editor in 0.00 ms.
Invoked RoslynAnalysisRunner static constructor.
RoslynAnalysisRunner will not be running.
RoslynAnalysisRunner has terminated.
Mono: successfully reloaded assembly
- Completed reload, in  0.831 seconds
Platform modules already initialized, skipping
Refreshing native plugins compatible for Editor in 0.44 ms, found 1 plugins.
Preloading 0 native plugins for Editor in 0.00 ms.
Unloading 1945 Unused Serialized files (Serialized files now loaded: 0)
System memory in use before: 92.8 MB.
System memory in use after: 92.8 MB.

Unloading 16 unused Assets to reduce memory usage. Loaded Objects now: 2491.
Total: 2.226900 ms (FindLiveObjects: 0.360400 ms CreateObjectMapping: 0.054700 ms MarkObjects: 1.690600 ms  DeleteObjects: 0.119400 ms)

========================================================================
Received Prepare
Registering precompiled user dll's ...
Registered in 0.001948 seconds.
Begin MonoManager ReloadAssembly
Native extension for WindowsStandalone target not found
Refreshing native plugins compatible for Editor in 0.45 ms, found 1 plugins.
Preloading 0 native plugins for Editor in 0.00 ms.
Invoked RoslynAnalysisRunner static constructor.
RoslynAnalysisRunner will not be running.
RoslynAnalysisRunner has terminated.
Mono: successfully reloaded assembly
- Completed reload, in  0.927 seconds
Platform modules already initialized, skipping
Refreshing native plugins compatible for Editor in 0.40 ms, found 1 plugins.
Preloading 0 native plugins for Editor in 0.00 ms.
Unloading 1945 Unused Serialized files (Serialized files now loaded: 0)
System memory in use before: 92.8 MB.
System memory in use after: 92.8 MB.

Unloading 16 unused Assets to reduce memory usage. Loaded Objects now: 2495.
Total: 2.192100 ms (FindLiveObjects: 0.312700 ms CreateObjectMapping: 0.091400 ms MarkObjects: 1.668300 ms  DeleteObjects: 0.117900 ms)

AssetImportWorkerClient::OnTransportError - code=2 error=End of file
